#
# A fatal error has been detected by the Java Runtime Environment:
#
#  EXCEPTION_ACCESS_VIOLATION (0xc0000005) at pc=0x00007ffdc4108826, pid=3664, tid=10528
#
# JRE version: OpenJDK Runtime Environment (11.0.8+10) (build 11.0.8+10-b944.6842174)
# Java VM: OpenJDK 64-Bit Server VM (11.0.8+10-b944.6842174, mixed mode, tiered, compressed oops, g1 gc, windows-amd64)
# Problematic frame:
# V  [jvm.dll+0x188826]
#
# No core dump will be written. Minidumps are not enabled by default on client versions of Windows
#
# If you would like to submit a bug report, please visit:
#   https://bugreport.java.com/bugreport/crash.jsp
#

---------------  S U M M A R Y ------------

Command Line: --add-opens=java.base/java.util=ALL-UNNAMED --add-opens=java.base/java.lang=ALL-UNNAMED --add-opens=java.base/java.lang.invoke=ALL-UNNAMED --add-opens=java.prefs/java.util.prefs=ALL-UNNAMED -Xmx2048m -Dfile.encoding=UTF-8 -Duser.country=RU -Duser.language=ru -Duser.variant org.gradle.launcher.daemon.bootstrap.GradleDaemon 6.7.1

Host: Intel(R) Core(TM) i3-7100 CPU @ 3.90GHz, 4 cores, 7G,  Windows 10 , 64 bit Build 19041 (10.0.19041.662)
Time: Tue Jun  8 11:51:08 2021 Западная Азия (зима) elapsed time: 24 seconds (0d 0h 0m 24s)

---------------  T H R E A D  ---------------

Current thread (0x000001b71df66000):  ConcurrentGCThread "G1 Conc#0" [stack: 0x000000b20c800000,0x000000b20c900000] [id=10528]

Stack: [0x000000b20c800000,0x000000b20c900000],  sp=0x000000b20c8ff3e8,  free space=1020k
Native frames: (J=compiled Java code, j=interpreted, Vv=VM code, C=native code)
V  [jvm.dll+0x188826]


siginfo: EXCEPTION_ACCESS_VIOLATION (0xc0000005), reading address 0x000000042580c448


Register to memory mapping:

RIP=0x00007ffdc4108826 jvm.dll
RAX=0x8889112222444801 is an unknown value
RBX=0x00000000848b1228 is pointing into object: com.android.tools.r8.graph.f0 
{0x00000000848b1218} - klass: 'com/android/tools/r8/graph/f0'
RCX=0x00000000848b1228 is pointing into object: com.android.tools.r8.graph.f0 
{0x00000000848b1218} - klass: 'com/android/tools/r8/graph/f0'
RDX=0x00000000848b1228 is pointing into object: com.android.tools.r8.graph.f0 
{0x00000000848b1218} - klass: 'com/android/tools/r8/graph/f0'
RSP=0x000000b20c8ff3e8 points into unknown readable memory: ba 79 25 c4 fd 7f 00 00
RBP=0x000001b71df5a9a0 points into unknown readable memory: 00 38 f6 1d b7 01 00 00
RSI=0x0000000000000001 is an unknown value
RDI=0x0 is NULL
R8 =0x8889112222444888 is an unknown value
R9 =0x000000042580c440 is an unknown value
R10=0x000001b71df5a9a0 points into unknown readable memory: 00 38 f6 1d b7 01 00 00
R11=0x000001b7319d0000 points into unknown readable memory: 01 48 92 10 10 00 24 09
R12=0x000000000000000c is an unknown value
R13=0xaaaaaaaaaaaaaaab is an unknown value
R14=0x0 is NULL
R15=0x000000008baab530 is an oop: com.android.tools.r8.graph.c0 
{0x000000008baab530} - klass: 'com/android/tools/r8/graph/c0'


Registers:
RAX=0x8889112222444801, RBX=0x00000000848b1228, RCX=0x00000000848b1228, RDX=0x00000000848b1228
RSP=0x000000b20c8ff3e8, RBP=0x000001b71df5a9a0, RSI=0x0000000000000001, RDI=0x0000000000000000
R8 =0x8889112222444888, R9 =0x000000042580c440, R10=0x000001b71df5a9a0, R11=0x000001b7319d0000
R12=0x000000000000000c, R13=0xaaaaaaaaaaaaaaab, R14=0x0000000000000000, R15=0x000000008baab530
RIP=0x00007ffdc4108826, EFLAGS=0x0000000000010202

Top of Stack: (sp=0x000000b20c8ff3e8)
0x000000b20c8ff3e8:   00007ffdc42579ba 00000000848b1228
0x000000b20c8ff3f8:   0000000100bcfeb8 00000000000000ba
0x000000b20c8ff408:   0000000000000001 0000000100bcfec0
0x000000b20c8ff418:   00007ffdc4257866 0000000100bcfeb8
0x000000b20c8ff428:   00000000848b1228 000001b71df6ba60
0x000000b20c8ff438:   000000b20c8ff5f8 0000000000000000
0x000000b20c8ff448:   000000b20c8ff5f8 000000008baab558
0x000000b20c8ff458:   00007ffdc424f76d 0000000000000005
0x000000b20c8ff468:   000000008baab544 000000008baab3b8
0x000000b20c8ff478:   000000008baab3ec 000000b20c8ff5d0
0x000000b20c8ff488:   000001b71df66401 0000000100bcfb48
0x000000b20c8ff498:   00007ffdc424f021 0000000000000005
0x000000b20c8ff4a8:   000000b20c8ff5f8 000000008baab530
0x000000b20c8ff4b8:   0000000000000000 000000008baab530
0x000000b20c8ff4c8:   00007ffdc425d3ff 000001b71df6ba60
0x000000b20c8ff4d8:   0000000001760000 000000b20c8ff5d0 

Instructions: (pc=0x00007ffdc4108826)
0x00007ffdc4108726:   81 00 48 d3 e0 48 03 05 5e 43 81 00 eb 04 48 8b
0x00007ffdc4108736:   43 08 81 78 08 00 00 00 c0 73 7d 48 8b 4f 38 48
0x00007ffdc4108746:   8b d3 48 8b 01 ff 50 20 84 c0 75 6c 38 05 97 cb
0x00007ffdc4108756:   85 00 74 15 8b 53 08 8b 0d 35 43 81 00 48 d3 e2
0x00007ffdc4108766:   48 03 15 23 43 81 00 eb 04 48 8b 53 08 48 8b cb
0x00007ffdc4108776:   48 89 5c 24 20 e8 a0 00 00 00 80 7f 30 00 48 63
0x00007ffdc4108786:   c8 48 89 4c 24 28 0f 28 44 24 20 74 17 0f 11 86
0x00007ffdc4108796:   90 03 00 00 48 8b 5c 24 40 48 8b 74 24 48 48 83
0x00007ffdc41087a6:   c4 30 5f c3 48 8b 07 48 8d 54 24 20 48 8b cf 66
0x00007ffdc41087b6:   0f 7f 44 24 20 ff 50 38 48 8b 5c 24 40 48 8b 74
0x00007ffdc41087c6:   24 48 48 83 c4 30 5f c3 cc cc 48 8b 49 38 48 8b
0x00007ffdc41087d6:   01 48 ff 60 28 cc cc cc cc cc 80 3d 08 cb 85 00
0x00007ffdc41087e6:   00 48 8b c1 74 1b 8b 51 08 8b 0d a3 42 81 00 48
0x00007ffdc41087f6:   d3 e2 48 8b c8 48 03 15 8e 42 81 00 e9 19 00 00
0x00007ffdc4108806:   00 48 8b 51 08 48 8b c8 e9 0d 00 00 00 cc cc cc
0x00007ffdc4108816:   cc cc cc cc cc cc cc cc cc cc 4c 8b ca 48 8b d1
0x00007ffdc4108826:   45 8b 41 08 45 85 c0 7e 0e 41 f6 c0 01 75 59 41
0x00007ffdc4108836:   c1 f8 03 41 8b c0 c3 79 4f 80 3d a9 ca 85 00 00
0x00007ffdc4108846:   b8 0c 00 00 00 b9 10 00 00 00 0f 45 c8 8b 05 4b
0x00007ffdc4108856:   8e 7f 00 ff c8 4c 63 c8 48 63 c1 41 8b c8 83 e1
0x00007ffdc4108866:   3f 48 63 14 10 41 8b c0 48 c1 f8 10 0f b6 c0 48
0x00007ffdc4108876:   d3 e2 49 8d 0c 11 49 f7 d1 48 03 c1 49 c1 e9 03
0x00007ffdc4108886:   48 c1 e8 03 41 23 c1 c3 49 8b 01 49 8b c9 48 ff
0x00007ffdc4108896:   a0 10 01 00 00 cc cc cc cc cc 48 83 ec 38 0f 10
0x00007ffdc41088a6:   02 48 8b 49 38 48 8d 54 24 20 0f 29 44 24 20 e8
0x00007ffdc41088b6:   66 f0 ff ff 48 83 c4 38 c3 cc 48 83 ec 38 0f 10
0x00007ffdc41088c6:   02 48 8b 01 48 8d 54 24 20 0f 29 44 24 20 ff 50
0x00007ffdc41088d6:   38 48 83 c4 38 c3 cc cc cc cc 48 89 5c 24 08 55
0x00007ffdc41088e6:   56 57 41 54 41 55 41 56 41 57 48 8d 6c 24 e0 48
0x00007ffdc41088f6:   81 ec 20 01 00 00 48 8b 05 ad c4 82 00 48 33 c4
0x00007ffdc4108906:   48 89 45 10 48 8b 05 0f 35 85 00 45 33 ed 4c 8b
0x00007ffdc4108916:   b5 80 00 00 00 4c 8b fa 48 8b bd 88 00 00 00 4d 


Stack slot to memory mapping:
stack at sp + 0 slots: 0x00007ffdc42579ba jvm.dll
stack at sp + 1 slots: 0x00000000848b1228 is pointing into object: com.android.tools.r8.graph.f0 
{0x00000000848b1218} - klass: 'com/android/tools/r8/graph/f0'
stack at sp + 2 slots: 0x0000000100bcfeb8 is pointing into metadata
stack at sp + 3 slots: 0x00000000000000ba is an unknown value
stack at sp + 4 slots: 0x0000000000000001 is an unknown value
stack at sp + 5 slots: 0x0000000100bcfec0 is pointing into metadata
stack at sp + 6 slots: 0x00007ffdc4257866 jvm.dll
stack at sp + 7 slots: 0x0000000100bcfeb8 is pointing into metadata


---------------  P R O C E S S  ---------------

Threads class SMR info:
_java_thread_list=0x000001b739814890, length=150, elements={
0x000001b71df18000, 0x000001b737fbf000, 0x000001b737fc2000, 0x000001b737fd9800,
0x000001b737fdb800, 0x000001b737fdd800, 0x000001b737fec000, 0x000001b737ff7800,
0x000001b738ab1800, 0x000001b738aba800, 0x000001b739462000, 0x000001b73aa7a800,
0x000001b73c54b800, 0x000001b73ac76800, 0x000001b73ac77800, 0x000001b73ad08000,
0x000001b739957000, 0x000001b73c3d6800, 0x000001b73ad82000, 0x000001b73a4fd800,
0x000001b73c116800, 0x000001b73c116000, 0x000001b73c117800, 0x000001b73c115000,
0x000001b73b7b3000, 0x000001b73b7b0800, 0x000001b73b7b1800, 0x000001b73b7b2800,
0x000001b73b7b4000, 0x000001b73b7b5000, 0x000001b73b7b6800, 0x000001b73b7b9800,
0x000001b73b7b7000, 0x000001b73b7ba800, 0x000001b73b7bb800, 0x000001b73b7bc000,
0x000001b73b7b9000, 0x000001b73b7b8000, 0x000001b73b7bd000, 0x000001b73b7bd800,
0x000001b73b7be800, 0x000001b7399f3800, 0x000001b7399f3000, 0x000001b7399f2000,
0x000001b7399f7000, 0x000001b7399f4800, 0x000001b7399f5800, 0x000001b7399f6000,
0x000001b7399f1800, 0x000001b7399fd800, 0x000001b7399f8000, 0x000001b7399fe800,
0x000001b7399f8800, 0x000001b7399fa000, 0x000001b7399ff000, 0x000001b7399fb000,
0x000001b7399fc800, 0x000001b7399fc000, 0x000001b7399f9800, 0x000001b739a00000,
0x000001b7399ab800, 0x000001b7399ae000, 0x000001b7399af000, 0x000001b7399aa000,
0x000001b7399ad800, 0x000001b7399a9800, 0x000001b7399b0000, 0x000001b7399b0800,
0x000001b7399ab000, 0x000001b7399b1800, 0x000001b7399b2000, 0x000001b7399ac800,
0x000001b7399b3000, 0x000001b7399b4000, 0x000001b7399b5800, 0x000001b7399b6800,
0x000001b7399b4800, 0x000001b7399b7000, 0x000001b7399b8000, 0x000001b73c953000,
0x000001b73c959000, 0x000001b73c955000, 0x000001b73c954000, 0x000001b73c95a800,
0x000001b73c95b800, 0x000001b73c958000, 0x000001b73c955800, 0x000001b73c95a000,
0x000001b73c95c000, 0x000001b73c956800, 0x000001b73c95d000, 0x000001b73c957800,
0x000001b73c95f800, 0x000001b73c962000, 0x000001b73c95e000, 0x000001b73c95e800,
0x000001b73c960800, 0x000001b73c961000, 0x000001b738dd1800, 0x000001b738dcf000,
0x000001b738dcd800, 0x000001b738dce800, 0x000001b738dcc000, 0x000001b738dd0800,
0x000001b738dcc800, 0x000001b738dd2800, 0x000001b738dd3000, 0x000001b738dd4000,
0x000001b738dd5000, 0x000001b738dd0000, 0x000001b738dd8000, 0x000001b738dd9000,
0x000001b738dda800, 0x000001b738dd5800, 0x000001b738dd9800, 0x000001b738dd6800,
0x000001b738dd7000, 0x000001b73c55f000, 0x000001b73c560800, 0x000001b73c563000,
0x000001b73c564000, 0x000001b73c560000, 0x000001b73c561800, 0x000001b73c55e800,
0x000001b73c565000, 0x000001b73c567800, 0x000001b73c565800, 0x000001b73c566800,
0x000001b73c562800, 0x000001b73c56c000, 0x000001b73c568000, 0x000001b73c56b800,
0x000001b73c569800, 0x000001b73c56a800, 0x000001b73c56d000, 0x000001b73e3d1000,
0x000001b73e3d2800, 0x000001b73e3d3800, 0x000001b73e3d4000, 0x000001b73e3d5000,
0x000001b73e3cf800, 0x000001b73e3d6000, 0x000001b73e3d0000, 0x000001b73e3dc800,
0x000001b73e3da800, 0x000001b73e3d6800, 0x000001b73e3d8000, 0x000001b73e3da000,
0x000001b73e3db800, 0x000001b73e3dd000
}

Java Threads: ( => current thread )
  0x000001b71df18000 JavaThread "main" [_thread_blocked, id=7368, stack(0x000000b20c500000,0x000000b20c600000)]
  0x000001b737fbf000 JavaThread "Reference Handler" daemon [_thread_blocked, id=2636, stack(0x000000b20cc00000,0x000000b20cd00000)]
  0x000001b737fc2000 JavaThread "Finalizer" daemon [_thread_blocked, id=2872, stack(0x000000b20cd00000,0x000000b20ce00000)]
  0x000001b737fd9800 JavaThread "Signal Dispatcher" daemon [_thread_blocked, id=7568, stack(0x000000b20ce00000,0x000000b20cf00000)]
  0x000001b737fdb800 JavaThread "Attach Listener" daemon [_thread_blocked, id=6116, stack(0x000000b20cf00000,0x000000b20d000000)]
  0x000001b737fdd800 JavaThread "C2 CompilerThread0" daemon [_thread_in_native, id=10832, stack(0x000000b20d000000,0x000000b20d100000)]
  0x000001b737fec000 JavaThread "C1 CompilerThread0" daemon [_thread_blocked, id=7976, stack(0x000000b20d100000,0x000000b20d200000)]
  0x000001b737ff7800 JavaThread "Sweeper thread" daemon [_thread_blocked, id=6136, stack(0x000000b20d200000,0x000000b20d300000)]
  0x000001b738ab1800 JavaThread "Common-Cleaner" daemon [_thread_blocked, id=2376, stack(0x000000b20d300000,0x000000b20d400000)]
  0x000001b738aba800 JavaThread "Service Thread" daemon [_thread_blocked, id=1928, stack(0x000000b20d400000,0x000000b20d500000)]
  0x000001b739462000 JavaThread "Daemon health stats" [_thread_blocked, id=3536, stack(0x000000b20d900000,0x000000b20da00000)]
  0x000001b73aa7a800 JavaThread "Incoming local TCP Connector on port 4936" [_thread_in_native, id=6532, stack(0x000000b20d600000,0x000000b20d700000)]
  0x000001b73c54b800 JavaThread "Daemon periodic checks" [_thread_blocked, id=2956, stack(0x000000b20dc00000,0x000000b20dd00000)]
  0x000001b73ac76800 JavaThread "Daemon" [_thread_blocked, id=10568, stack(0x000000b20dd00000,0x000000b20de00000)]
  0x000001b73ac77800 JavaThread "Handler for socket connection from /127.0.0.1:4936 to /127.0.0.1:4937" [_thread_in_native, id=5088, stack(0x000000b20de00000,0x000000b20df00000)]
  0x000001b73ad08000 JavaThread "Cancel handler" [_thread_blocked, id=9848, stack(0x000000b20e000000,0x000000b20e100000)]
  0x000001b739957000 JavaThread "Daemon worker" [_thread_blocked, id=3564, stack(0x000000b20e100000,0x000000b20e200000)]
  0x000001b73c3d6800 JavaThread "Asynchronous log dispatcher for DefaultDaemonConnection: socket connection from /127.0.0.1:4936 to /127.0.0.1:4937" [_thread_blocked, id=7440, stack(0x000000b20e200000,0x000000b20e300000)]
  0x000001b73ad82000 JavaThread "Stdin handler" [_thread_blocked, id=5900, stack(0x000000b20e300000,0x000000b20e400000)]
  0x000001b73a4fd800 JavaThread "Thread-8" [_thread_blocked, id=7640, stack(0x000000b20e400000,0x000000b20e500000)]
  0x000001b73c116800 JavaThread "Cache worker for file hash cache (C:\Users\Davr Bank\.gradle\caches\6.7.1\fileHashes)" [_thread_blocked, id=3220, stack(0x000000b20e500000,0x000000b20e600000)]
  0x000001b73c116000 JavaThread "File lock request listener" [_thread_in_native, id=8900, stack(0x000000b20e600000,0x000000b20e700000)]
  0x000001b73c117800 JavaThread "Cache worker for journal cache (C:\Users\Davr Bank\.gradle\caches\journal-1)" [_thread_blocked, id=3508, stack(0x000000b20e700000,0x000000b20e800000)]
  0x000001b73c115000 JavaThread "Cache worker for file hash cache (C:\Users\Davr Bank\AndroidStudioProjects\JsonPlaceHolder\.gradle\6.7.1\fileHashes)" [_thread_blocked, id=5596, stack(0x000000b20e900000,0x000000b20ea00000)]
  0x000001b73b7b3000 JavaThread "Cache worker for checksums cache (C:\Users\Davr Bank\AndroidStudioProjects\JsonPlaceHolder\.gradle\checksums)" [_thread_blocked, id=8772, stack(0x000000b20ea00000,0x000000b20eb00000)]
  0x000001b73b7b0800 JavaThread "Cache worker for cache directory md-supplier (C:\Users\Davr Bank\.gradle\caches\6.7.1\md-supplier)" [_thread_blocked, id=5072, stack(0x000000b20eb00000,0x000000b20ec00000)]
  0x000001b73b7b1800 JavaThread "Cache worker for cache directory md-rule (C:\Users\Davr Bank\.gradle\caches\6.7.1\md-rule)" [_thread_blocked, id=6204, stack(0x000000b20ec00000,0x000000b20ed00000)]
  0x000001b73b7b2800 JavaThread "Cache worker for execution history cache (C:\Users\Davr Bank\.gradle\caches\6.7.1\executionHistory)" [_thread_blocked, id=1164, stack(0x000000b20ed00000,0x000000b20ee00000)]
  0x000001b73b7b4000 JavaThread "jar transforms" [_thread_blocked, id=4736, stack(0x000000b20ee00000,0x000000b20ef00000)]
  0x000001b73b7b5000 JavaThread "Cache worker for file content cache (C:\Users\Davr Bank\.gradle\caches\6.7.1\fileContent)" [_thread_blocked, id=2720, stack(0x000000b20ef00000,0x000000b20f000000)]
  0x000001b73b7b6800 JavaThread "Cache worker for Build Output Cleanup Cache (C:\Users\Davr Bank\AndroidStudioProjects\JsonPlaceHolder\.gradle\buildOutputCleanup)" [_thread_blocked, id=8916, stack(0x000000b20f000000,0x000000b20f100000)]
  0x000001b73b7b9800 JavaThread "Build operations" [_thread_blocked, id=6832, stack(0x000000b20f100000,0x000000b20f200000)]
  0x000001b73b7b7000 JavaThread "Build operations Thread 2" [_thread_blocked, id=700, stack(0x000000b20f200000,0x000000b20f300000)]
  0x000001b73b7ba800 JavaThread "Build operations Thread 3" [_thread_blocked, id=2212, stack(0x000000b20f300000,0x000000b20f400000)]
  0x000001b73b7bb800 JavaThread "Build operations Thread 4" [_thread_blocked, id=2332, stack(0x000000b20f400000,0x000000b20f500000)]
  0x000001b73b7bc000 JavaThread "jar transforms Thread 2" [_thread_blocked, id=9924, stack(0x000000b20f500000,0x000000b20f600000)]
  0x000001b73b7b9000 JavaThread "jar transforms Thread 3" [_thread_blocked, id=8628, stack(0x000000b20f600000,0x000000b20f700000)]
  0x000001b73b7b8000 JavaThread "jar transforms Thread 4" [_thread_blocked, id=6736, stack(0x000000b20f700000,0x000000b20f800000)]
  0x000001b73b7bd000 JavaThread "jar transforms Thread 5" [_thread_blocked, id=8408, stack(0x000000b20f800000,0x000000b20f900000)]
  0x000001b73b7bd800 JavaThread "jar transforms Thread 6" [_thread_blocked, id=7920, stack(0x000000b20f900000,0x000000b20fa00000)]
  0x000001b73b7be800 JavaThread "jar transforms Thread 7" [_thread_blocked, id=4756, stack(0x000000b20fa00000,0x000000b20fb00000)]
  0x000001b7399f3800 JavaThread "jar transforms Thread 8" [_thread_blocked, id=1288, stack(0x000000b20fb00000,0x000000b20fc00000)]
  0x000001b7399f3000 JavaThread "jar transforms Thread 9" [_thread_blocked, id=2392, stack(0x000000b20fc00000,0x000000b20fd00000)]
  0x000001b7399f2000 JavaThread "jar transforms Thread 10" [_thread_blocked, id=1096, stack(0x000000b20fd00000,0x000000b20fe00000)]
  0x000001b7399f7000 JavaThread "jar transforms Thread 11" [_thread_blocked, id=10680, stack(0x000000b20fe00000,0x000000b20ff00000)]
  0x000001b7399f4800 JavaThread "jar transforms Thread 12" [_thread_blocked, id=1904, stack(0x000000b20ff00000,0x000000b210000000)]
  0x000001b7399f5800 JavaThread "jar transforms Thread 13" [_thread_blocked, id=2264, stack(0x000000b210000000,0x000000b210100000)]
  0x000001b7399f6000 JavaThread "jar transforms Thread 14" [_thread_blocked, id=7220, stack(0x000000b210100000,0x000000b210200000)]
  0x000001b7399f1800 JavaThread "jar transforms Thread 15" [_thread_blocked, id=6156, stack(0x000000b210200000,0x000000b210300000)]
  0x000001b7399fd800 JavaThread "jar transforms Thread 16" [_thread_blocked, id=6328, stack(0x000000b210300000,0x000000b210400000)]
  0x000001b7399f8000 JavaThread "jar transforms Thread 17" [_thread_blocked, id=3984, stack(0x000000b210400000,0x000000b210500000)]
  0x000001b7399fe800 JavaThread "jar transforms Thread 18" [_thread_blocked, id=5656, stack(0x000000b210500000,0x000000b210600000)]
  0x000001b7399f8800 JavaThread "jar transforms Thread 19" [_thread_blocked, id=10972, stack(0x000000b210600000,0x000000b210700000)]
  0x000001b7399fa000 JavaThread "jar transforms Thread 20" [_thread_blocked, id=10640, stack(0x000000b210700000,0x000000b210800000)]
  0x000001b7399ff000 JavaThread "jar transforms Thread 21" [_thread_blocked, id=8008, stack(0x000000b210800000,0x000000b210900000)]
  0x000001b7399fb000 JavaThread "jar transforms Thread 22" [_thread_blocked, id=4796, stack(0x000000b210900000,0x000000b210a00000)]
  0x000001b7399fc800 JavaThread "jar transforms Thread 23" [_thread_blocked, id=8928, stack(0x000000b210a00000,0x000000b210b00000)]
  0x000001b7399fc000 JavaThread "jar transforms Thread 24" [_thread_blocked, id=7052, stack(0x000000b210b00000,0x000000b210c00000)]
  0x000001b7399f9800 JavaThread "jar transforms Thread 25" [_thread_blocked, id=5304, stack(0x000000b210c00000,0x000000b210d00000)]
  0x000001b739a00000 JavaThread "jar transforms Thread 26" [_thread_blocked, id=9532, stack(0x000000b210d00000,0x000000b210e00000)]
  0x000001b7399ab800 JavaThread "jar transforms Thread 27" [_thread_blocked, id=1032, stack(0x000000b210e00000,0x000000b210f00000)]
  0x000001b7399ae000 JavaThread "jar transforms Thread 28" [_thread_blocked, id=3036, stack(0x000000b210f00000,0x000000b211000000)]
  0x000001b7399af000 JavaThread "jar transforms Thread 29" [_thread_blocked, id=7956, stack(0x000000b211000000,0x000000b211100000)]
  0x000001b7399aa000 JavaThread "jar transforms Thread 30" [_thread_blocked, id=4424, stack(0x000000b211100000,0x000000b211200000)]
  0x000001b7399ad800 JavaThread "jar transforms Thread 31" [_thread_blocked, id=8340, stack(0x000000b211200000,0x000000b211300000)]
  0x000001b7399a9800 JavaThread "jar transforms Thread 32" [_thread_blocked, id=8588, stack(0x000000b211300000,0x000000b211400000)]
  0x000001b7399b0000 JavaThread "jar transforms Thread 33" [_thread_blocked, id=10116, stack(0x000000b211400000,0x000000b211500000)]
  0x000001b7399b0800 JavaThread "jar transforms Thread 34" [_thread_blocked, id=3688, stack(0x000000b211500000,0x000000b211600000)]
  0x000001b7399ab000 JavaThread "jar transforms Thread 35" [_thread_blocked, id=7556, stack(0x000000b211600000,0x000000b211700000)]
  0x000001b7399b1800 JavaThread "jar transforms Thread 36" [_thread_blocked, id=4488, stack(0x000000b211700000,0x000000b211800000)]
  0x000001b7399b2000 JavaThread "jar transforms Thread 37" [_thread_blocked, id=6232, stack(0x000000b211800000,0x000000b211900000)]
  0x000001b7399ac800 JavaThread "jar transforms Thread 38" [_thread_blocked, id=5028, stack(0x000000b211900000,0x000000b211a00000)]
  0x000001b7399b3000 JavaThread "jar transforms Thread 39" [_thread_blocked, id=5420, stack(0x000000b211a00000,0x000000b211b00000)]
  0x000001b7399b4000 JavaThread "jar transforms Thread 40" [_thread_blocked, id=7016, stack(0x000000b211b00000,0x000000b211c00000)]
  0x000001b7399b5800 JavaThread "jar transforms Thread 41" [_thread_blocked, id=10408, stack(0x000000b211c00000,0x000000b211d00000)]
  0x000001b7399b6800 JavaThread "jar transforms Thread 42" [_thread_blocked, id=704, stack(0x000000b211d00000,0x000000b211e00000)]
  0x000001b7399b4800 JavaThread "jar transforms Thread 43" [_thread_blocked, id=9504, stack(0x000000b211e00000,0x000000b211f00000)]
  0x000001b7399b7000 JavaThread "jar transforms Thread 44" [_thread_blocked, id=10084, stack(0x000000b211f00000,0x000000b212000000)]
  0x000001b7399b8000 JavaThread "jar transforms Thread 45" [_thread_blocked, id=5212, stack(0x000000b212000000,0x000000b212100000)]
  0x000001b73c953000 JavaThread "jar transforms Thread 46" [_thread_blocked, id=9964, stack(0x000000b212100000,0x000000b212200000)]
  0x000001b73c959000 JavaThread "jar transforms Thread 47" [_thread_blocked, id=10396, stack(0x000000b212200000,0x000000b212300000)]
  0x000001b73c955000 JavaThread "jar transforms Thread 48" [_thread_blocked, id=6364, stack(0x000000b212300000,0x000000b212400000)]
  0x000001b73c954000 JavaThread "jar transforms Thread 49" [_thread_blocked, id=10376, stack(0x000000b212400000,0x000000b212500000)]
  0x000001b73c95a800 JavaThread "jar transforms Thread 50" [_thread_blocked, id=7472, stack(0x000000b212500000,0x000000b212600000)]
  0x000001b73c95b800 JavaThread "jar transforms Thread 51" [_thread_blocked, id=5808, stack(0x000000b212600000,0x000000b212700000)]
  0x000001b73c958000 JavaThread "jar transforms Thread 52" [_thread_blocked, id=868, stack(0x000000b212700000,0x000000b212800000)]
  0x000001b73c955800 JavaThread "jar transforms Thread 53" [_thread_blocked, id=9740, stack(0x000000b212800000,0x000000b212900000)]
  0x000001b73c95a000 JavaThread "jar transforms Thread 54" [_thread_blocked, id=4620, stack(0x000000b212900000,0x000000b212a00000)]
  0x000001b73c95c000 JavaThread "jar transforms Thread 55" [_thread_blocked, id=6148, stack(0x000000b212a00000,0x000000b212b00000)]
  0x000001b73c956800 JavaThread "jar transforms Thread 56" [_thread_blocked, id=2372, stack(0x000000b212b00000,0x000000b212c00000)]
  0x000001b73c95d000 JavaThread "jar transforms Thread 57" [_thread_blocked, id=10700, stack(0x000000b212c00000,0x000000b212d00000)]
  0x000001b73c957800 JavaThread "jar transforms Thread 58" [_thread_blocked, id=6168, stack(0x000000b212d00000,0x000000b212e00000)]
  0x000001b73c95f800 JavaThread "jar transforms Thread 59" [_thread_blocked, id=11156, stack(0x000000b212e00000,0x000000b212f00000)]
  0x000001b73c962000 JavaThread "jar transforms Thread 60" [_thread_blocked, id=4592, stack(0x000000b212f00000,0x000000b213000000)]
  0x000001b73c95e000 JavaThread "jar transforms Thread 61" [_thread_blocked, id=5244, stack(0x000000b213000000,0x000000b213100000)]
  0x000001b73c95e800 JavaThread "jar transforms Thread 62" [_thread_blocked, id=8184, stack(0x000000b213100000,0x000000b213200000)]
  0x000001b73c960800 JavaThread "jar transforms Thread 63" [_thread_blocked, id=6084, stack(0x000000b213200000,0x000000b213300000)]
  0x000001b73c961000 JavaThread "jar transforms Thread 64" [_thread_blocked, id=8672, stack(0x000000b213300000,0x000000b213400000)]
  0x000001b738dd1800 JavaThread "jar transforms Thread 65" [_thread_blocked, id=4832, stack(0x000000b213400000,0x000000b213500000)]
  0x000001b738dcf000 JavaThread "jar transforms Thread 66" [_thread_blocked, id=10156, stack(0x000000b213500000,0x000000b213600000)]
  0x000001b738dcd800 JavaThread "jar transforms Thread 67" [_thread_blocked, id=2984, stack(0x000000b213600000,0x000000b213700000)]
  0x000001b738dce800 JavaThread "jar transforms Thread 68" [_thread_blocked, id=1604, stack(0x000000b213700000,0x000000b213800000)]
  0x000001b738dcc000 JavaThread "jar transforms Thread 69" [_thread_blocked, id=4024, stack(0x000000b213800000,0x000000b213900000)]
  0x000001b738dd0800 JavaThread "jar transforms Thread 70" [_thread_blocked, id=9688, stack(0x000000b213900000,0x000000b213a00000)]
  0x000001b738dcc800 JavaThread "jar transforms Thread 71" [_thread_blocked, id=10356, stack(0x000000b213a00000,0x000000b213b00000)]
  0x000001b738dd2800 JavaThread "jar transforms Thread 72" [_thread_blocked, id=6952, stack(0x000000b213b00000,0x000000b213c00000)]
  0x000001b738dd3000 JavaThread "jar transforms Thread 73" [_thread_blocked, id=1568, stack(0x000000b213c00000,0x000000b213d00000)]
  0x000001b738dd4000 JavaThread "jar transforms Thread 74" [_thread_blocked, id=1476, stack(0x000000b213d00000,0x000000b213e00000)]
  0x000001b738dd5000 JavaThread "jar transforms Thread 75" [_thread_blocked, id=5744, stack(0x000000b213e00000,0x000000b213f00000)]
  0x000001b738dd0000 JavaThread "jar transforms Thread 76" [_thread_blocked, id=5440, stack(0x000000b213f00000,0x000000b214000000)]
  0x000001b738dd8000 JavaThread "jar transforms Thread 77" [_thread_blocked, id=1028, stack(0x000000b214000000,0x000000b214100000)]
  0x000001b738dd9000 JavaThread "jar transforms Thread 78" [_thread_blocked, id=5580, stack(0x000000b214100000,0x000000b214200000)]
  0x000001b738dda800 JavaThread "jar transforms Thread 79" [_thread_blocked, id=9144, stack(0x000000b214200000,0x000000b214300000)]
  0x000001b738dd5800 JavaThread "jar transforms Thread 80" [_thread_blocked, id=3352, stack(0x000000b214300000,0x000000b214400000)]
  0x000001b738dd9800 JavaThread "jar transforms Thread 81" [_thread_blocked, id=11232, stack(0x000000b214400000,0x000000b214500000)]
  0x000001b738dd6800 JavaThread "jar transforms Thread 82" [_thread_blocked, id=2868, stack(0x000000b214500000,0x000000b214600000)]
  0x000001b738dd7000 JavaThread "jar transforms Thread 83" [_thread_blocked, id=3184, stack(0x000000b214600000,0x000000b214700000)]
  0x000001b73c55f000 JavaThread "jar transforms Thread 84" [_thread_blocked, id=5096, stack(0x000000b214700000,0x000000b214800000)]
  0x000001b73c560800 JavaThread "jar transforms Thread 85" [_thread_blocked, id=2796, stack(0x000000b214800000,0x000000b214900000)]
  0x000001b73c563000 JavaThread "jar transforms Thread 86" [_thread_blocked, id=6480, stack(0x000000b214900000,0x000000b214a00000)]
  0x000001b73c564000 JavaThread "jar transforms Thread 87" [_thread_blocked, id=10096, stack(0x000000b214a00000,0x000000b214b00000)]
  0x000001b73c560000 JavaThread "jar transforms Thread 88" [_thread_blocked, id=2584, stack(0x000000b214b00000,0x000000b214c00000)]
  0x000001b73c561800 JavaThread "jar transforms Thread 89" [_thread_blocked, id=10188, stack(0x000000b214c00000,0x000000b214d00000)]
  0x000001b73c55e800 JavaThread "jar transforms Thread 90" [_thread_blocked, id=8360, stack(0x000000b214d00000,0x000000b214e00000)]
  0x000001b73c565000 JavaThread "jar transforms Thread 91" [_thread_blocked, id=1660, stack(0x000000b214e00000,0x000000b214f00000)]
  0x000001b73c567800 JavaThread "jar transforms Thread 92" [_thread_blocked, id=7744, stack(0x000000b214f00000,0x000000b215000000)]
  0x000001b73c565800 JavaThread "jar transforms Thread 93" [_thread_blocked, id=9432, stack(0x000000b215000000,0x000000b215100000)]
  0x000001b73c566800 JavaThread "jar transforms Thread 94" [_thread_blocked, id=10200, stack(0x000000b215100000,0x000000b215200000)]
  0x000001b73c562800 JavaThread "jar transforms Thread 95" [_thread_blocked, id=1408, stack(0x000000b215200000,0x000000b215300000)]
  0x000001b73c56c000 JavaThread "jar transforms Thread 96" [_thread_blocked, id=7116, stack(0x000000b215300000,0x000000b215400000)]
  0x000001b73c568000 JavaThread "jar transforms Thread 97" [_thread_blocked, id=9056, stack(0x000000b215400000,0x000000b215500000)]
  0x000001b73c56b800 JavaThread "Memory manager" [_thread_blocked, id=1412, stack(0x000000b215500000,0x000000b215600000)]
  0x000001b73c569800 JavaThread "build event listener" [_thread_blocked, id=3932, stack(0x000000b215600000,0x000000b215700000)]
  0x000001b73c56a800 JavaThread "pool-3-thread-1" [_thread_blocked, id=6064, stack(0x000000b215700000,0x000000b215800000)]
  0x000001b73c56d000 JavaThread "build event listener" [_thread_blocked, id=8348, stack(0x000000b215800000,0x000000b215900000)]
  0x000001b73e3d1000 JavaThread "Execution worker for ':'" [_thread_blocked, id=7848, stack(0x000000b215900000,0x000000b215a00000)]
  0x000001b73e3d2800 JavaThread "Execution worker for ':' Thread 2" [_thread_blocked, id=2952, stack(0x000000b215a00000,0x000000b215b00000)]
  0x000001b73e3d3800 JavaThread "Execution worker for ':' Thread 3" [_thread_blocked, id=1324, stack(0x000000b215b00000,0x000000b215c00000)]
  0x000001b73e3d4000 JavaThread "Cache worker for execution history cache (C:\Users\Davr Bank\AndroidStudioProjects\JsonPlaceHolder\.gradle\6.7.1\executionHistory)" [_thread_blocked, id=3828, stack(0x000000b215c00000,0x000000b215d00000)]
  0x000001b73e3d5000 JavaThread "Cache worker for Java compile cache (C:\Users\Davr Bank\.gradle\caches\6.7.1\javaCompile)" [_thread_blocked, id=500, stack(0x000000b215d00000,0x000000b215e00000)]
  0x000001b73e3cf800 JavaThread "Cache worker for Java compile cache (C:\Users\Davr Bank\AndroidStudioProjects\JsonPlaceHolder\.gradle\6.7.1\javaCompile)" [_thread_blocked, id=2404, stack(0x000000b215e00000,0x000000b215f00000)]
  0x000001b73e3d6000 JavaThread "C2 CompilerThread1" daemon [_thread_in_native, id=5428, stack(0x000000b20e800000,0x000000b20e900000)]
  0x000001b73e3d0000 JavaThread "WorkerExecutor Queue" [_thread_in_vm, id=1964, stack(0x000000b215f00000,0x000000b216000000)]
  0x000001b73e3dc800 JavaThread "WorkerExecutor Queue Thread 2" [_thread_blocked, id=4040, stack(0x000000b216000000,0x000000b216100000)]
  0x000001b73e3da800 JavaThread "WorkerExecutor Queue Thread 3" [_thread_blocked, id=8724, stack(0x000000b216100000,0x000000b216200000)]
  0x000001b73e3d6800 JavaThread "WorkerExecutor Queue Thread 5" [_thread_blocked, id=1936, stack(0x000000b216300000,0x000000b216400000)]
  0x000001b73e3d8000 JavaThread "ForkJoinPool-1-worker-3" daemon [_thread_blocked, id=736, stack(0x000000b216200000,0x000000b216300000)]
  0x000001b73e3da000 JavaThread "ForkJoinPool-1-worker-5" daemon [_thread_blocked, id=2284, stack(0x000000b216400000,0x000000b216500000)]
  0x000001b73e3db800 JavaThread "ForkJoinPool-1-worker-7" daemon [_thread_blocked, id=2216, stack(0x000000b216500000,0x000000b216600000)]
  0x000001b73e3dd000 JavaThread "ForkJoinPool-1-worker-1" daemon [_thread_blocked, id=3844, stack(0x000000b216600000,0x000000b216700000)]

Other Threads:
  0x000001b737f80800 VMThread "VM Thread" [stack: 0x000000b20cb00000,0x000000b20cc00000] [id=800]
  0x000001b738abb800 WatcherThread [stack: 0x000000b20d500000,0x000000b20d600000] [id=10964]
  0x000001b71df30800 GCTaskThread "GC Thread#0" [stack: 0x000000b20c600000,0x000000b20c700000] [id=8716]
  0x000001b738d32800 GCTaskThread "GC Thread#1" [stack: 0x000000b20d700000,0x000000b20d800000] [id=8788]
  0x000001b73943a000 GCTaskThread "GC Thread#2" [stack: 0x000000b20d800000,0x000000b20d900000] [id=1240]
  0x000001b738ba6000 GCTaskThread "GC Thread#3" [stack: 0x000000b20df00000,0x000000b20e000000] [id=7464]
  0x000001b71df63800 ConcurrentGCThread "G1 Main Marker" [stack: 0x000000b20c700000,0x000000b20c800000] [id=10476]
=>0x000001b71df66000 ConcurrentGCThread "G1 Conc#0" [stack: 0x000000b20c800000,0x000000b20c900000] [id=10528]
  0x000001b71dff8000 ConcurrentGCThread "G1 Refine#0" [stack: 0x000000b20c900000,0x000000b20ca00000] [id=8972]
  0x000001b73fb87000 ConcurrentGCThread "G1 Refine#1" [stack: 0x000000b216700000,0x000000b216800000] [id=3912]
  0x000001b7443d8800 ConcurrentGCThread "G1 Refine#2" [stack: 0x000000b216800000,0x000000b216900000] [id=10708]
  0x000001b71dff9000 ConcurrentGCThread "G1 Young RemSet Sampling" [stack: 0x000000b20ca00000,0x000000b20cb00000] [id=10080]

Threads with active compile tasks:
C2 CompilerThread0  25026 11413       4       com.android.tools.r8.utils.V::a (276 bytes)
C2 CompilerThread1  25026 11414       4       com.android.tools.r8.dex.P$$Lambda$1318/0x0000000100b92840::accept (16 bytes)

VM state:not at safepoint (normal execution)

VM Mutex/Monitor currently owned by a thread: None

Heap address: 0x0000000080000000, size: 2048 MB, Compressed Oops mode: 32-bit
Narrow klass base: 0x0000000000000000, Narrow klass shift: 3
Compressed class space size: 1073741824 Address: 0x0000000100000000

Heap:
 garbage-first heap   total 235520K, used 156416K [0x0000000080000000, 0x0000000100000000)
  region size 1024K, 14 young (14336K), 5 survivors (5120K)
 Metaspace       used 96435K, capacity 98944K, committed 99236K, reserved 1134592K
  class space    used 12657K, capacity 13578K, committed 13696K, reserved 1048576K
Heap Regions: E=young(eden), S=young(survivor), O=old, HS=humongous(starts), HC=humongous(continues), CS=collection set, F=free, A=archive, TAMS=top-at-mark-start (previous, next)
|   0|0x0000000080000000, 0x0000000080100000, 0x0000000080100000|100%| O|  |TAMS 0x0000000080100000, 0x0000000080100000| Untracked 
|   1|0x0000000080100000, 0x0000000080200000, 0x0000000080200000|100%| O|  |TAMS 0x0000000080200000, 0x0000000080200000| Untracked 
|   2|0x0000000080200000, 0x0000000080300000, 0x0000000080300000|100%| O|  |TAMS 0x0000000080300000, 0x0000000080300000| Untracked 
|   3|0x0000000080300000, 0x0000000080400000, 0x0000000080400000|100%|HS|  |TAMS 0x0000000080400000, 0x0000000080400000| Complete 
|   4|0x0000000080400000, 0x0000000080500000, 0x0000000080500000|100%|HC|  |TAMS 0x0000000080500000, 0x0000000080500000| Complete 
|   5|0x0000000080500000, 0x0000000080600000, 0x0000000080600000|100%|HC|  |TAMS 0x0000000080600000, 0x0000000080600000| Complete 
|   6|0x0000000080600000, 0x0000000080700000, 0x0000000080700000|100%| O|  |TAMS 0x0000000080700000, 0x0000000080700000| Untracked 
|   7|0x0000000080700000, 0x0000000080800000, 0x0000000080800000|100%| O|  |TAMS 0x0000000080800000, 0x0000000080800000| Untracked 
|   8|0x0000000080800000, 0x0000000080900000, 0x0000000080900000|100%| O|  |TAMS 0x0000000080900000, 0x0000000080900000| Untracked 
|   9|0x0000000080900000, 0x0000000080a00000, 0x0000000080a00000|100%| O|  |TAMS 0x0000000080a00000, 0x0000000080a00000| Untracked 
|  10|0x0000000080a00000, 0x0000000080b00000, 0x0000000080b00000|100%| O|  |TAMS 0x0000000080b00000, 0x0000000080b00000| Untracked 
|  11|0x0000000080b00000, 0x0000000080c00000, 0x0000000080c00000|100%| O|  |TAMS 0x0000000080c00000, 0x0000000080c00000| Untracked 
|  12|0x0000000080c00000, 0x0000000080d00000, 0x0000000080d00000|100%| O|  |TAMS 0x0000000080d00000, 0x0000000080d00000| Untracked 
|  13|0x0000000080d00000, 0x0000000080e00000, 0x0000000080e00000|100%| O|  |TAMS 0x0000000080e00000, 0x0000000080e00000| Untracked 
|  14|0x0000000080e00000, 0x0000000080f00000, 0x0000000080f00000|100%| O|  |TAMS 0x0000000080f00000, 0x0000000080f00000| Untracked 
|  15|0x0000000080f00000, 0x0000000081000000, 0x0000000081000000|100%| O|  |TAMS 0x0000000081000000, 0x0000000081000000| Untracked 
|  16|0x0000000081000000, 0x0000000081100000, 0x0000000081100000|100%|HS|  |TAMS 0x0000000081100000, 0x0000000081100000| Complete 
|  17|0x0000000081100000, 0x0000000081200000, 0x0000000081200000|100%|HS|  |TAMS 0x0000000081200000, 0x0000000081200000| Complete 
|  18|0x0000000081200000, 0x0000000081300000, 0x0000000081300000|100%|HC|  |TAMS 0x0000000081300000, 0x0000000081300000| Complete 
|  19|0x0000000081300000, 0x0000000081400000, 0x0000000081400000|100%| O|  |TAMS 0x0000000081400000, 0x0000000081400000| Untracked 
|  20|0x0000000081400000, 0x0000000081500000, 0x0000000081500000|100%| O|  |TAMS 0x0000000081500000, 0x0000000081500000| Untracked 
|  21|0x0000000081500000, 0x0000000081600000, 0x0000000081600000|100%| O|  |TAMS 0x0000000081600000, 0x0000000081600000| Untracked 
|  22|0x0000000081600000, 0x0000000081700000, 0x0000000081700000|100%| O|  |TAMS 0x0000000081700000, 0x0000000081700000| Untracked 
|  23|0x0000000081700000, 0x0000000081800000, 0x0000000081800000|100%| O|  |TAMS 0x0000000081800000, 0x0000000081800000| Untracked 
|  24|0x0000000081800000, 0x0000000081900000, 0x0000000081900000|100%| O|  |TAMS 0x0000000081900000, 0x0000000081900000| Untracked 
|  25|0x0000000081900000, 0x0000000081a00000, 0x0000000081a00000|100%| O|  |TAMS 0x0000000081a00000, 0x0000000081a00000| Untracked 
|  26|0x0000000081a00000, 0x0000000081b00000, 0x0000000081b00000|100%| O|  |TAMS 0x0000000081b00000, 0x0000000081b00000| Untracked 
|  27|0x0000000081b00000, 0x0000000081c00000, 0x0000000081c00000|100%| O|  |TAMS 0x0000000081c00000, 0x0000000081c00000| Untracked 
|  28|0x0000000081c00000, 0x0000000081d00000, 0x0000000081d00000|100%| O|  |TAMS 0x0000000081d00000, 0x0000000081d00000| Untracked 
|  29|0x0000000081d00000, 0x0000000081e00000, 0x0000000081e00000|100%| O|  |TAMS 0x0000000081e00000, 0x0000000081e00000| Untracked 
|  30|0x0000000081e00000, 0x0000000081f00000, 0x0000000081f00000|100%| O|  |TAMS 0x0000000081f00000, 0x0000000081f00000| Untracked 
|  31|0x0000000081f00000, 0x0000000082000000, 0x0000000082000000|100%| O|  |TAMS 0x0000000082000000, 0x0000000082000000| Untracked 
|  32|0x0000000082000000, 0x0000000082100000, 0x0000000082100000|100%| O|  |TAMS 0x0000000082100000, 0x0000000082100000| Untracked 
|  33|0x0000000082100000, 0x0000000082200000, 0x0000000082200000|100%| O|  |TAMS 0x0000000082200000, 0x0000000082200000| Untracked 
|  34|0x0000000082200000, 0x0000000082300000, 0x0000000082300000|100%| O|  |TAMS 0x0000000082300000, 0x0000000082300000| Untracked 
|  35|0x0000000082300000, 0x0000000082400000, 0x0000000082400000|100%| O|  |TAMS 0x0000000082400000, 0x0000000082400000| Untracked 
|  36|0x0000000082400000, 0x0000000082500000, 0x0000000082500000|100%| O|  |TAMS 0x0000000082500000, 0x0000000082500000| Untracked 
|  37|0x0000000082500000, 0x0000000082600000, 0x0000000082600000|100%| O|  |TAMS 0x0000000082600000, 0x0000000082600000| Untracked 
|  38|0x0000000082600000, 0x0000000082700000, 0x0000000082700000|100%| O|  |TAMS 0x0000000082700000, 0x0000000082700000| Untracked 
|  39|0x0000000082700000, 0x0000000082800000, 0x0000000082800000|100%| O|  |TAMS 0x0000000082800000, 0x0000000082800000| Untracked 
|  40|0x0000000082800000, 0x0000000082900000, 0x0000000082900000|100%| O|  |TAMS 0x0000000082900000, 0x0000000082900000| Untracked 
|  41|0x0000000082900000, 0x0000000082a00000, 0x0000000082a00000|100%| O|  |TAMS 0x0000000082a00000, 0x0000000082a00000| Untracked 
|  42|0x0000000082a00000, 0x0000000082b00000, 0x0000000082b00000|100%| O|  |TAMS 0x0000000082b00000, 0x0000000082b00000| Untracked 
|  43|0x0000000082b00000, 0x0000000082c00000, 0x0000000082c00000|100%| O|  |TAMS 0x0000000082c00000, 0x0000000082c00000| Untracked 
|  44|0x0000000082c00000, 0x0000000082d00000, 0x0000000082d00000|100%| O|  |TAMS 0x0000000082d00000, 0x0000000082d00000| Untracked 
|  45|0x0000000082d00000, 0x0000000082e00000, 0x0000000082e00000|100%| O|  |TAMS 0x0000000082e00000, 0x0000000082e00000| Untracked 
|  46|0x0000000082e00000, 0x0000000082f00000, 0x0000000082f00000|100%| O|  |TAMS 0x0000000082f00000, 0x0000000082f00000| Untracked 
|  47|0x0000000082f00000, 0x0000000083000000, 0x0000000083000000|100%| O|  |TAMS 0x0000000083000000, 0x0000000083000000| Untracked 
|  48|0x0000000083000000, 0x0000000083100000, 0x0000000083100000|100%| O|  |TAMS 0x0000000083100000, 0x0000000083100000| Untracked 
|  49|0x0000000083100000, 0x0000000083200000, 0x0000000083200000|100%| O|  |TAMS 0x0000000083200000, 0x0000000083200000| Untracked 
|  50|0x0000000083200000, 0x0000000083300000, 0x0000000083300000|100%| O|  |TAMS 0x0000000083300000, 0x0000000083300000| Untracked 
|  51|0x0000000083300000, 0x0000000083400000, 0x0000000083400000|100%| O|  |TAMS 0x0000000083400000, 0x0000000083400000| Untracked 
|  52|0x0000000083400000, 0x0000000083500000, 0x0000000083500000|100%| O|  |TAMS 0x0000000083500000, 0x0000000083500000| Untracked 
|  53|0x0000000083500000, 0x0000000083600000, 0x0000000083600000|100%| O|  |TAMS 0x0000000083600000, 0x0000000083600000| Untracked 
|  54|0x0000000083600000, 0x0000000083700000, 0x0000000083700000|100%| O|  |TAMS 0x0000000083700000, 0x0000000083700000| Untracked 
|  55|0x0000000083700000, 0x0000000083800000, 0x0000000083800000|100%| O|  |TAMS 0x0000000083800000, 0x0000000083800000| Untracked 
|  56|0x0000000083800000, 0x0000000083900000, 0x0000000083900000|100%| O|  |TAMS 0x0000000083900000, 0x0000000083900000| Untracked 
|  57|0x0000000083900000, 0x0000000083a00000, 0x0000000083a00000|100%| O|  |TAMS 0x0000000083a00000, 0x0000000083a00000| Untracked 
|  58|0x0000000083a00000, 0x0000000083b00000, 0x0000000083b00000|100%| O|  |TAMS 0x0000000083b00000, 0x0000000083b00000| Untracked 
|  59|0x0000000083b00000, 0x0000000083c00000, 0x0000000083c00000|100%| O|  |TAMS 0x0000000083c00000, 0x0000000083c00000| Untracked 
|  60|0x0000000083c00000, 0x0000000083d00000, 0x0000000083d00000|100%| O|  |TAMS 0x0000000083d00000, 0x0000000083d00000| Untracked 
|  61|0x0000000083d00000, 0x0000000083e00000, 0x0000000083e00000|100%| O|  |TAMS 0x0000000083e00000, 0x0000000083e00000| Untracked 
|  62|0x0000000083e00000, 0x0000000083f00000, 0x0000000083f00000|100%| O|  |TAMS 0x0000000083f00000, 0x0000000083f00000| Untracked 
|  63|0x0000000083f00000, 0x0000000084000000, 0x0000000084000000|100%|HS|  |TAMS 0x0000000084000000, 0x0000000084000000| Complete 
|  64|0x0000000084000000, 0x0000000084100000, 0x0000000084100000|100%|HC|  |TAMS 0x0000000084100000, 0x0000000084100000| Complete 
|  65|0x0000000084100000, 0x0000000084200000, 0x0000000084200000|100%|HC|  |TAMS 0x0000000084200000, 0x0000000084200000| Complete 
|  66|0x0000000084200000, 0x0000000084300000, 0x0000000084300000|100%|HC|  |TAMS 0x0000000084300000, 0x0000000084300000| Complete 
|  67|0x0000000084300000, 0x0000000084400000, 0x0000000084400000|100%|HC|  |TAMS 0x0000000084400000, 0x0000000084400000| Complete 
|  68|0x0000000084400000, 0x0000000084500000, 0x0000000084500000|100%|HC|  |TAMS 0x0000000084500000, 0x0000000084500000| Complete 
|  69|0x0000000084500000, 0x0000000084600000, 0x0000000084600000|100%|HC|  |TAMS 0x0000000084600000, 0x0000000084600000| Complete 
|  70|0x0000000084600000, 0x0000000084700000, 0x0000000084700000|100%|HC|  |TAMS 0x0000000084700000, 0x0000000084700000| Complete 
|  71|0x0000000084700000, 0x0000000084800000, 0x0000000084800000|100%|HS|  |TAMS 0x0000000084800000, 0x0000000084800000| Complete 
|  72|0x0000000084800000, 0x0000000084900000, 0x0000000084900000|100%| O|  |TAMS 0x0000000084900000, 0x0000000084900000| Untracked 
|  73|0x0000000084900000, 0x0000000084a00000, 0x0000000084a00000|100%| O|  |TAMS 0x0000000084a00000, 0x0000000084a00000| Untracked 
|  74|0x0000000084a00000, 0x0000000084b00000, 0x0000000084b00000|100%|HS|  |TAMS 0x0000000084b00000, 0x0000000084b00000| Complete 
|  75|0x0000000084b00000, 0x0000000084c00000, 0x0000000084c00000|100%| O|  |TAMS 0x0000000084c00000, 0x0000000084c00000| Untracked 
|  76|0x0000000084c00000, 0x0000000084d00000, 0x0000000084d00000|100%| O|  |TAMS 0x0000000084d00000, 0x0000000084d00000| Untracked 
|  77|0x0000000084d00000, 0x0000000084e00000, 0x0000000084e00000|100%| O|  |TAMS 0x0000000084e00000, 0x0000000084e00000| Untracked 
|  78|0x0000000084e00000, 0x0000000084f00000, 0x0000000084f00000|100%| O|  |TAMS 0x0000000084f00000, 0x0000000084f00000| Untracked 
|  79|0x0000000084f00000, 0x0000000085000000, 0x0000000085000000|100%|HS|  |TAMS 0x0000000085000000, 0x0000000085000000| Complete 
|  80|0x0000000085000000, 0x0000000085100000, 0x0000000085100000|100%|HC|  |TAMS 0x0000000085100000, 0x0000000085100000| Complete 
|  81|0x0000000085100000, 0x0000000085200000, 0x0000000085200000|100%|HC|  |TAMS 0x0000000085200000, 0x0000000085200000| Complete 
|  82|0x0000000085200000, 0x0000000085300000, 0x0000000085300000|100%|HC|  |TAMS 0x0000000085300000, 0x0000000085300000| Complete 
|  83|0x0000000085300000, 0x0000000085400000, 0x0000000085400000|100%|HC|  |TAMS 0x0000000085400000, 0x0000000085400000| Complete 
|  84|0x0000000085400000, 0x0000000085500000, 0x0000000085500000|100%|HC|  |TAMS 0x0000000085500000, 0x0000000085500000| Complete 
|  85|0x0000000085500000, 0x0000000085600000, 0x0000000085600000|100%|HC|  |TAMS 0x0000000085600000, 0x0000000085600000| Complete 
|  86|0x0000000085600000, 0x0000000085700000, 0x0000000085700000|100%|HC|  |TAMS 0x0000000085700000, 0x0000000085700000| Complete 
|  87|0x0000000085700000, 0x0000000085800000, 0x0000000085800000|100%| O|  |TAMS 0x0000000085800000, 0x0000000085800000| Untracked 
|  88|0x0000000085800000, 0x0000000085900000, 0x0000000085900000|100%| O|  |TAMS 0x0000000085900000, 0x0000000085900000| Untracked 
|  89|0x0000000085900000, 0x0000000085a00000, 0x0000000085a00000|100%| O|  |TAMS 0x0000000085a00000, 0x0000000085a00000| Untracked 
|  90|0x0000000085a00000, 0x0000000085b00000, 0x0000000085b00000|100%| O|  |TAMS 0x0000000085b00000, 0x0000000085b00000| Untracked 
|  91|0x0000000085b00000, 0x0000000085c00000, 0x0000000085c00000|100%| O|  |TAMS 0x0000000085c00000, 0x0000000085c00000| Untracked 
|  92|0x0000000085c00000, 0x0000000085d00000, 0x0000000085d00000|100%| O|  |TAMS 0x0000000085d00000, 0x0000000085d00000| Untracked 
|  93|0x0000000085d00000, 0x0000000085e00000, 0x0000000085e00000|100%| O|  |TAMS 0x0000000085e00000, 0x0000000085e00000| Untracked 
|  94|0x0000000085e00000, 0x0000000085f00000, 0x0000000085f00000|100%| O|  |TAMS 0x0000000085f00000, 0x0000000085f00000| Untracked 
|  95|0x0000000085f00000, 0x0000000086000000, 0x0000000086000000|100%| O|  |TAMS 0x0000000086000000, 0x0000000086000000| Untracked 
|  96|0x0000000086000000, 0x0000000086100000, 0x0000000086100000|100%| O|  |TAMS 0x0000000086100000, 0x0000000086100000| Untracked 
|  97|0x0000000086100000, 0x0000000086200000, 0x0000000086200000|100%| O|  |TAMS 0x0000000086200000, 0x0000000086200000| Untracked 
|  98|0x0000000086200000, 0x0000000086300000, 0x0000000086300000|100%| O|  |TAMS 0x0000000086300000, 0x0000000086300000| Untracked 
|  99|0x0000000086300000, 0x0000000086400000, 0x0000000086400000|100%| O|  |TAMS 0x0000000086400000, 0x0000000086400000| Untracked 
| 100|0x0000000086400000, 0x0000000086500000, 0x0000000086500000|100%| O|  |TAMS 0x0000000086500000, 0x0000000086500000| Untracked 
| 101|0x0000000086500000, 0x0000000086600000, 0x0000000086600000|100%| O|  |TAMS 0x0000000086600000, 0x0000000086600000| Untracked 
| 102|0x0000000086600000, 0x0000000086700000, 0x0000000086700000|100%| O|  |TAMS 0x0000000086700000, 0x0000000086700000| Untracked 
| 103|0x0000000086700000, 0x0000000086800000, 0x0000000086800000|100%| O|  |TAMS 0x0000000086800000, 0x0000000086800000| Untracked 
| 104|0x0000000086800000, 0x0000000086900000, 0x0000000086900000|100%| O|  |TAMS 0x0000000086900000, 0x0000000086900000| Untracked 
| 105|0x0000000086900000, 0x0000000086a00000, 0x0000000086a00000|100%| O|  |TAMS 0x0000000086a00000, 0x0000000086a00000| Untracked 
| 106|0x0000000086a00000, 0x0000000086b00000, 0x0000000086b00000|100%|HS|  |TAMS 0x0000000086a00000, 0x0000000086b00000| Complete 
| 107|0x0000000086b00000, 0x0000000086c00000, 0x0000000086c00000|100%|HS|  |TAMS 0x0000000086b00000, 0x0000000086c00000| Complete 
| 108|0x0000000086c00000, 0x0000000086d00000, 0x0000000086d00000|100%| O|  |TAMS 0x0000000086c00000, 0x0000000086d00000| Untracked 
| 109|0x0000000086d00000, 0x0000000086e00000, 0x0000000086e00000|100%| O|  |TAMS 0x0000000086d00000, 0x0000000086e00000| Untracked 
| 110|0x0000000086e00000, 0x0000000086f00000, 0x0000000086f00000|100%| O|  |TAMS 0x0000000086e00000, 0x0000000086f00000| Untracked 
| 111|0x0000000086f00000, 0x0000000087000000, 0x0000000087000000|100%| O|  |TAMS 0x0000000086f00000, 0x0000000087000000| Untracked 
| 112|0x0000000087000000, 0x0000000087100000, 0x0000000087100000|100%| O|  |TAMS 0x0000000087000000, 0x0000000087100000| Untracked 
| 113|0x0000000087100000, 0x0000000087200000, 0x0000000087200000|100%| O|  |TAMS 0x0000000087100000, 0x0000000087200000| Untracked 
| 114|0x0000000087200000, 0x0000000087300000, 0x0000000087300000|100%| O|  |TAMS 0x0000000087200000, 0x0000000087300000| Untracked 
| 115|0x0000000087300000, 0x0000000087400000, 0x0000000087400000|100%| O|  |TAMS 0x0000000087400000, 0x0000000087400000| Untracked 
| 116|0x0000000087400000, 0x0000000087500000, 0x0000000087500000|100%| O|  |TAMS 0x0000000087500000, 0x0000000087500000| Untracked 
| 117|0x0000000087500000, 0x0000000087600000, 0x0000000087600000|100%| O|  |TAMS 0x0000000087600000, 0x0000000087600000| Untracked 
| 118|0x0000000087600000, 0x0000000087700000, 0x0000000087700000|100%| O|  |TAMS 0x0000000087700000, 0x0000000087700000| Untracked 
| 119|0x0000000087700000, 0x0000000087800000, 0x0000000087800000|100%| O|  |TAMS 0x0000000087800000, 0x0000000087800000| Untracked 
| 120|0x0000000087800000, 0x0000000087900000, 0x0000000087900000|100%| O|  |TAMS 0x0000000087900000, 0x0000000087900000| Untracked 
| 121|0x0000000087900000, 0x0000000087a00000, 0x0000000087a00000|100%| O|  |TAMS 0x0000000087a00000, 0x0000000087a00000| Untracked 
| 122|0x0000000087a00000, 0x0000000087b00000, 0x0000000087b00000|100%| O|  |TAMS 0x0000000087b00000, 0x0000000087b00000| Untracked 
| 123|0x0000000087b00000, 0x0000000087c00000, 0x0000000087c00000|100%| O|  |TAMS 0x0000000087c00000, 0x0000000087c00000| Untracked 
| 124|0x0000000087c00000, 0x0000000087d00000, 0x0000000087d00000|100%| O|  |TAMS 0x0000000087d00000, 0x0000000087d00000| Untracked 
| 125|0x0000000087d00000, 0x0000000087e00000, 0x0000000087e00000|100%| O|  |TAMS 0x0000000087e00000, 0x0000000087e00000| Untracked 
| 126|0x0000000087e00000, 0x0000000087f00000, 0x0000000087f00000|100%| O|  |TAMS 0x0000000087f00000, 0x0000000087f00000| Untracked 
| 127|0x0000000087f00000, 0x0000000088000000, 0x0000000088000000|100%| O|  |TAMS 0x0000000088000000, 0x0000000088000000| Untracked 
| 128|0x0000000088000000, 0x0000000088100000, 0x0000000088100000|100%| O|  |TAMS 0x0000000088080000, 0x0000000088100000| Untracked 
| 129|0x0000000088100000, 0x0000000088200000, 0x0000000088200000|100%| O|  |TAMS 0x0000000088100000, 0x0000000088200000| Untracked 
| 130|0x0000000088200000, 0x0000000088300000, 0x0000000088300000|100%| O|  |TAMS 0x0000000088200000, 0x0000000088300000| Untracked 
| 131|0x0000000088300000, 0x0000000088400000, 0x0000000088400000|100%| O|  |TAMS 0x0000000088300000, 0x0000000088400000| Untracked 
| 132|0x0000000088400000, 0x0000000088500000, 0x0000000088500000|100%| O|  |TAMS 0x0000000088400000, 0x0000000088500000| Untracked 
| 133|0x0000000088500000, 0x00000000885c0200, 0x0000000088600000| 75%| O|  |TAMS 0x0000000088500000, 0x00000000885c0200| Untracked 
| 134|0x0000000088600000, 0x0000000088700000, 0x0000000088700000|100%|HS|  |TAMS 0x0000000088600000, 0x0000000088600000| Complete 
| 135|0x0000000088700000, 0x0000000088700000, 0x0000000088800000|  0%| F|  |TAMS 0x0000000088700000, 0x0000000088700000| Untracked 
| 136|0x0000000088800000, 0x0000000088800000, 0x0000000088900000|  0%| F|  |TAMS 0x0000000088800000, 0x0000000088800000| Untracked 
| 137|0x0000000088900000, 0x0000000088900000, 0x0000000088a00000|  0%| F|  |TAMS 0x0000000088900000, 0x0000000088900000| Untracked 
| 138|0x0000000088a00000, 0x0000000088a00000, 0x0000000088b00000|  0%| F|  |TAMS 0x0000000088a00000, 0x0000000088a00000| Untracked 
| 139|0x0000000088b00000, 0x0000000088b00000, 0x0000000088c00000|  0%| F|  |TAMS 0x0000000088b00000, 0x0000000088b00000| Untracked 
| 140|0x0000000088c00000, 0x0000000088c00000, 0x0000000088d00000|  0%| F|  |TAMS 0x0000000088c00000, 0x0000000088c00000| Untracked 
| 141|0x0000000088d00000, 0x0000000088d00000, 0x0000000088e00000|  0%| F|  |TAMS 0x0000000088d00000, 0x0000000088d00000| Untracked 
| 142|0x0000000088e00000, 0x0000000088e00000, 0x0000000088f00000|  0%| F|  |TAMS 0x0000000088e00000, 0x0000000088e00000| Untracked 
| 143|0x0000000088f00000, 0x0000000088f00000, 0x0000000089000000|  0%| F|  |TAMS 0x0000000088f00000, 0x0000000088f00000| Untracked 
| 144|0x0000000089000000, 0x0000000089000000, 0x0000000089100000|  0%| F|  |TAMS 0x0000000089000000, 0x0000000089000000| Untracked 
| 145|0x0000000089100000, 0x0000000089100000, 0x0000000089200000|  0%| F|  |TAMS 0x0000000089100000, 0x0000000089100000| Untracked 
| 146|0x0000000089200000, 0x0000000089200000, 0x0000000089300000|  0%| F|  |TAMS 0x0000000089200000, 0x0000000089200000| Untracked 
| 147|0x0000000089300000, 0x0000000089300000, 0x0000000089400000|  0%| F|  |TAMS 0x0000000089300000, 0x0000000089300000| Untracked 
| 148|0x0000000089400000, 0x0000000089400000, 0x0000000089500000|  0%| F|  |TAMS 0x0000000089400000, 0x0000000089400000| Untracked 
| 149|0x0000000089500000, 0x0000000089500000, 0x0000000089600000|  0%| F|  |TAMS 0x0000000089500000, 0x0000000089500000| Untracked 
| 150|0x0000000089600000, 0x0000000089600000, 0x0000000089700000|  0%| F|  |TAMS 0x0000000089600000, 0x0000000089600000| Untracked 
| 151|0x0000000089700000, 0x0000000089700000, 0x0000000089800000|  0%| F|  |TAMS 0x0000000089700000, 0x0000000089700000| Untracked 
| 152|0x0000000089800000, 0x0000000089800000, 0x0000000089900000|  0%| F|  |TAMS 0x0000000089800000, 0x0000000089800000| Untracked 
| 153|0x0000000089900000, 0x0000000089900000, 0x0000000089a00000|  0%| F|  |TAMS 0x0000000089900000, 0x0000000089900000| Untracked 
| 154|0x0000000089a00000, 0x0000000089a00000, 0x0000000089b00000|  0%| F|  |TAMS 0x0000000089a00000, 0x0000000089a00000| Untracked 
| 155|0x0000000089b00000, 0x0000000089b00000, 0x0000000089c00000|  0%| F|  |TAMS 0x0000000089b00000, 0x0000000089b00000| Untracked 
| 156|0x0000000089c00000, 0x0000000089c00000, 0x0000000089d00000|  0%| F|  |TAMS 0x0000000089c00000, 0x0000000089c00000| Untracked 
| 157|0x0000000089d00000, 0x0000000089d00000, 0x0000000089e00000|  0%| F|  |TAMS 0x0000000089d00000, 0x0000000089d00000| Untracked 
| 158|0x0000000089e00000, 0x0000000089e00000, 0x0000000089f00000|  0%| F|  |TAMS 0x0000000089e00000, 0x0000000089e00000| Untracked 
| 159|0x0000000089f00000, 0x0000000089f00000, 0x000000008a000000|  0%| F|  |TAMS 0x0000000089f00000, 0x0000000089f00000| Untracked 
| 160|0x000000008a000000, 0x000000008a000000, 0x000000008a100000|  0%| F|  |TAMS 0x000000008a000000, 0x000000008a000000| Untracked 
| 161|0x000000008a100000, 0x000000008a100000, 0x000000008a200000|  0%| F|  |TAMS 0x000000008a100000, 0x000000008a100000| Untracked 
| 162|0x000000008a200000, 0x000000008a200000, 0x000000008a300000|  0%| F|  |TAMS 0x000000008a200000, 0x000000008a200000| Untracked 
| 163|0x000000008a300000, 0x000000008a300000, 0x000000008a400000|  0%| F|  |TAMS 0x000000008a300000, 0x000000008a300000| Untracked 
| 164|0x000000008a400000, 0x000000008a400000, 0x000000008a500000|  0%| F|  |TAMS 0x000000008a400000, 0x000000008a400000| Untracked 
| 165|0x000000008a500000, 0x000000008a500000, 0x000000008a600000|  0%| F|  |TAMS 0x000000008a500000, 0x000000008a500000| Untracked 
| 166|0x000000008a600000, 0x000000008a600000, 0x000000008a700000|  0%| F|  |TAMS 0x000000008a600000, 0x000000008a600000| Untracked 
| 167|0x000000008a700000, 0x000000008a700000, 0x000000008a800000|  0%| F|  |TAMS 0x000000008a700000, 0x000000008a700000| Untracked 
| 168|0x000000008a800000, 0x000000008a800000, 0x000000008a900000|  0%| F|  |TAMS 0x000000008a800000, 0x000000008a800000| Untracked 
| 169|0x000000008a900000, 0x000000008a900000, 0x000000008aa00000|  0%| F|  |TAMS 0x000000008a900000, 0x000000008a900000| Untracked 
| 170|0x000000008aa00000, 0x000000008aa00000, 0x000000008ab00000|  0%| F|  |TAMS 0x000000008aa00000, 0x000000008aa00000| Untracked 
| 171|0x000000008ab00000, 0x000000008ab00000, 0x000000008ac00000|  0%| F|  |TAMS 0x000000008ab00000, 0x000000008ab00000| Untracked 
| 172|0x000000008ac00000, 0x000000008ac00000, 0x000000008ad00000|  0%| F|  |TAMS 0x000000008ac00000, 0x000000008ac00000| Untracked 
| 173|0x000000008ad00000, 0x000000008ad00000, 0x000000008ae00000|  0%| F|  |TAMS 0x000000008ad00000, 0x000000008ad00000| Untracked 
| 174|0x000000008ae00000, 0x000000008ae00000, 0x000000008af00000|  0%| F|  |TAMS 0x000000008ae00000, 0x000000008ae00000| Untracked 
| 175|0x000000008af00000, 0x000000008af00000, 0x000000008b000000|  0%| F|  |TAMS 0x000000008af00000, 0x000000008af00000| Untracked 
| 176|0x000000008b000000, 0x000000008b000000, 0x000000008b100000|  0%| F|  |TAMS 0x000000008b000000, 0x000000008b000000| Untracked 
| 177|0x000000008b100000, 0x000000008b100000, 0x000000008b200000|  0%| F|  |TAMS 0x000000008b100000, 0x000000008b100000| Untracked 
| 178|0x000000008b200000, 0x000000008b200000, 0x000000008b300000|  0%| F|  |TAMS 0x000000008b200000, 0x000000008b200000| Untracked 
| 179|0x000000008b300000, 0x000000008b300000, 0x000000008b400000|  0%| F|  |TAMS 0x000000008b300000, 0x000000008b300000| Untracked 
| 180|0x000000008b400000, 0x000000008b400000, 0x000000008b500000|  0%| F|  |TAMS 0x000000008b400000, 0x000000008b400000| Untracked 
| 181|0x000000008b500000, 0x000000008b500000, 0x000000008b600000|  0%| F|  |TAMS 0x000000008b500000, 0x000000008b500000| Untracked 
| 182|0x000000008b600000, 0x000000008b600000, 0x000000008b700000|  0%| F|  |TAMS 0x000000008b600000, 0x000000008b600000| Untracked 
| 183|0x000000008b700000, 0x000000008b700000, 0x000000008b800000|  0%| F|  |TAMS 0x000000008b700000, 0x000000008b700000| Untracked 
| 184|0x000000008b800000, 0x000000008b800000, 0x000000008b900000|  0%| F|  |TAMS 0x000000008b800000, 0x000000008b800000| Untracked 
| 185|0x000000008b900000, 0x000000008ba00000, 0x000000008ba00000|100%| O|  |TAMS 0x000000008ba00000, 0x000000008ba00000| Untracked 
| 186|0x000000008ba00000, 0x000000008bb00000, 0x000000008bb00000|100%| O|  |TAMS 0x000000008bb00000, 0x000000008bb00000| Untracked 
| 187|0x000000008bb00000, 0x000000008bc00000, 0x000000008bc00000|100%| O|  |TAMS 0x000000008bc00000, 0x000000008bc00000| Untracked 
| 188|0x000000008bc00000, 0x000000008bd00000, 0x000000008bd00000|100%| O|  |TAMS 0x000000008bd00000, 0x000000008bd00000| Untracked 
| 189|0x000000008bd00000, 0x000000008be00000, 0x000000008be00000|100%| O|  |TAMS 0x000000008be00000, 0x000000008be00000| Untracked 
| 190|0x000000008be00000, 0x000000008bf00000, 0x000000008bf00000|100%| O|  |TAMS 0x000000008bf00000, 0x000000008bf00000| Untracked 
| 191|0x000000008bf00000, 0x000000008bf00000, 0x000000008c000000|  0%| F|  |TAMS 0x000000008bf00000, 0x000000008bf00000| Untracked 
| 192|0x000000008c000000, 0x000000008c000000, 0x000000008c100000|  0%| F|  |TAMS 0x000000008c000000, 0x000000008c000000| Untracked 
| 193|0x000000008c100000, 0x000000008c100000, 0x000000008c200000|  0%| F|  |TAMS 0x000000008c100000, 0x000000008c100000| Untracked 
| 194|0x000000008c200000, 0x000000008c300000, 0x000000008c300000|100%| S|CS|TAMS 0x000000008c200000, 0x000000008c200000| Complete 
| 195|0x000000008c300000, 0x000000008c400000, 0x000000008c400000|100%| S|CS|TAMS 0x000000008c300000, 0x000000008c300000| Complete 
| 196|0x000000008c400000, 0x000000008c500000, 0x000000008c500000|100%| S|CS|TAMS 0x000000008c400000, 0x000000008c400000| Complete 
| 197|0x000000008c500000, 0x000000008c600000, 0x000000008c600000|100%| S|CS|TAMS 0x000000008c500000, 0x000000008c500000| Complete 
| 198|0x000000008c600000, 0x000000008c700000, 0x000000008c700000|100%| S|CS|TAMS 0x000000008c600000, 0x000000008c600000| Complete 
| 199|0x000000008c700000, 0x000000008c700000, 0x000000008c800000|  0%| F|  |TAMS 0x000000008c700000, 0x000000008c700000| Untracked 
| 200|0x000000008c800000, 0x000000008c800000, 0x000000008c900000|  0%| F|  |TAMS 0x000000008c800000, 0x000000008c800000| Untracked 
| 201|0x000000008c900000, 0x000000008c900000, 0x000000008ca00000|  0%| F|  |TAMS 0x000000008c900000, 0x000000008c900000| Untracked 
| 202|0x000000008ca00000, 0x000000008ca00000, 0x000000008cb00000|  0%| F|  |TAMS 0x000000008ca00000, 0x000000008ca00000| Untracked 
| 203|0x000000008cb00000, 0x000000008cb00000, 0x000000008cc00000|  0%| F|  |TAMS 0x000000008cb00000, 0x000000008cb00000| Untracked 
| 204|0x000000008cc00000, 0x000000008cc00000, 0x000000008cd00000|  0%| F|  |TAMS 0x000000008cc00000, 0x000000008cc00000| Untracked 
| 205|0x000000008cd00000, 0x000000008cd00000, 0x000000008ce00000|  0%| F|  |TAMS 0x000000008cd00000, 0x000000008cd00000| Untracked 
| 206|0x000000008ce00000, 0x000000008ce00000, 0x000000008cf00000|  0%| F|  |TAMS 0x000000008ce00000, 0x000000008ce00000| Untracked 
| 207|0x000000008cf00000, 0x000000008cf00000, 0x000000008d000000|  0%| F|  |TAMS 0x000000008cf00000, 0x000000008cf00000| Untracked 
| 208|0x000000008d000000, 0x000000008d000000, 0x000000008d100000|  0%| F|  |TAMS 0x000000008d000000, 0x000000008d000000| Untracked 
| 209|0x000000008d100000, 0x000000008d100000, 0x000000008d200000|  0%| F|  |TAMS 0x000000008d100000, 0x000000008d100000| Untracked 
| 210|0x000000008d200000, 0x000000008d200000, 0x000000008d300000|  0%| F|  |TAMS 0x000000008d200000, 0x000000008d200000| Untracked 
| 211|0x000000008d300000, 0x000000008d300000, 0x000000008d400000|  0%| F|  |TAMS 0x000000008d300000, 0x000000008d300000| Untracked 
| 212|0x000000008d400000, 0x000000008d400000, 0x000000008d500000|  0%| F|  |TAMS 0x000000008d400000, 0x000000008d400000| Untracked 
| 213|0x000000008d500000, 0x000000008d500000, 0x000000008d600000|  0%| F|  |TAMS 0x000000008d500000, 0x000000008d500000| Untracked 
| 214|0x000000008d600000, 0x000000008d600000, 0x000000008d700000|  0%| F|  |TAMS 0x000000008d600000, 0x000000008d600000| Untracked 
| 215|0x000000008d700000, 0x000000008d700000, 0x000000008d800000|  0%| F|  |TAMS 0x000000008d700000, 0x000000008d700000| Untracked 
| 216|0x000000008d800000, 0x000000008d800000, 0x000000008d900000|  0%| F|  |TAMS 0x000000008d800000, 0x000000008d800000| Untracked 
| 217|0x000000008d900000, 0x000000008d900000, 0x000000008da00000|  0%| F|  |TAMS 0x000000008d900000, 0x000000008d900000| Untracked 
| 218|0x000000008da00000, 0x000000008da00000, 0x000000008db00000|  0%| F|  |TAMS 0x000000008da00000, 0x000000008da00000| Untracked 
| 219|0x000000008db00000, 0x000000008db00000, 0x000000008dc00000|  0%| F|  |TAMS 0x000000008db00000, 0x000000008db00000| Untracked 
| 220|0x000000008dc00000, 0x000000008dc00000, 0x000000008dd00000|  0%| F|  |TAMS 0x000000008dc00000, 0x000000008dc00000| Untracked 
| 221|0x000000008dd00000, 0x000000008dd69778, 0x000000008de00000| 41%| E|  |TAMS 0x000000008dd00000, 0x000000008dd00000| Complete 
| 222|0x000000008de00000, 0x000000008df00000, 0x000000008df00000|100%| E|CS|TAMS 0x000000008de00000, 0x000000008de00000| Complete 
| 223|0x000000008df00000, 0x000000008e000000, 0x000000008e000000|100%| E|CS|TAMS 0x000000008df00000, 0x000000008df00000| Complete 
| 224|0x000000008e000000, 0x000000008e100000, 0x000000008e100000|100%| E|  |TAMS 0x000000008e000000, 0x000000008e000000| Complete 
| 225|0x000000008e100000, 0x000000008e200000, 0x000000008e200000|100%| E|CS|TAMS 0x000000008e100000, 0x000000008e100000| Complete 
| 226|0x000000008e200000, 0x000000008e300000, 0x000000008e300000|100%| E|CS|TAMS 0x000000008e200000, 0x000000008e200000| Complete 
| 227|0x000000008e300000, 0x000000008e400000, 0x000000008e400000|100%| E|CS|TAMS 0x000000008e300000, 0x000000008e300000| Complete 
| 228|0x000000008e400000, 0x000000008e500000, 0x000000008e500000|100%| E|CS|TAMS 0x000000008e400000, 0x000000008e400000| Complete 
| 229|0x000000008e500000, 0x000000008e600000, 0x000000008e600000|100%| E|CS|TAMS 0x000000008e500000, 0x000000008e500000| Complete 

Card table byte_map: [0x000001b7311d0000,0x000001b7315d0000] _byte_map_base: 0x000001b730dd0000

Marking Bits (Prev, Next): (CMBitMap*) 0x000001b71df5a9f0, (CMBitMap*) 0x000001b71df5a9b8
 Prev Bits: [0x000001b7339d0000, 0x000001b7359d0000)
 Next Bits: [0x000001b7319d0000, 0x000001b7339d0000)

Polling page: 0x000001b71c4e0000

Metaspace:

Usage:
  Non-class:     83.37 MB capacity,    81.81 MB ( 98%) used,     1.27 MB (  2%) free+waste,   283.00 KB ( <1%) overhead. 
      Class:     13.26 MB capacity,    12.36 MB ( 93%) used,   788.16 KB (  6%) free+waste,   132.00 KB ( <1%) overhead. 
       Both:     96.63 MB capacity,    94.18 MB ( 97%) used,     2.04 MB (  2%) free+waste,   415.00 KB ( <1%) overhead. 

Virtual space:
  Non-class space:       84.00 MB reserved,      83.54 MB (>99%) committed 
      Class space:        1.00 GB reserved,      13.38 MB (  1%) committed 
             Both:        1.08 GB reserved,      96.91 MB (  9%) committed 

Chunk freelists:
   Non-Class:  46.00 KB
       Class:  54.00 KB
        Both:  100.00 KB

MaxMetaspaceSize: 17179869184.00 GB
CompressedClassSpaceSize: 1.00 GB

CodeHeap 'non-profiled nmethods': size=120064Kb used=7278Kb max_used=7278Kb free=112785Kb
 bounds [0x000001b729360000, 0x000001b729a80000, 0x000001b7308a0000]
CodeHeap 'profiled nmethods': size=120000Kb used=24202Kb max_used=24202Kb free=95797Kb
 bounds [0x000001b721e30000, 0x000001b7235e0000, 0x000001b729360000]
CodeHeap 'non-nmethods': size=5696Kb used=2279Kb max_used=2349Kb free=3416Kb
 bounds [0x000001b7218a0000, 0x000001b721b10000, 0x000001b721e30000]
 total_blobs=12001 nmethods=11118 adapters=794
 compilation: enabled
              stopped_count=0, restarted_count=0
 full_count=0

Compilation events (20 events):
Event: 24.857 Thread 0x000001b737fec000 nmethod 11394 0x000001b7235c6490 code [0x000001b7235c68e0, 0x000001b7235c8688]
Event: 24.857 Thread 0x000001b737fec000 11393   !   3       java.util.concurrent.ForkJoinTask::setDone (40 bytes)
Event: 24.858 Thread 0x000001b737fec000 nmethod 11393 0x000001b7235c9190 code [0x000001b7235c93e0, 0x000001b7235c9de8]
Event: 24.858 Thread 0x000001b737fec000 11396       3       com.android.tools.r8.s.a.a.b.B::iterator (23 bytes)
Event: 24.859 Thread 0x000001b737fec000 nmethod 11396 0x000001b7235ca190 code [0x000001b7235ca3c0, 0x000001b7235caae8]
Event: 24.859 Thread 0x000001b737fdd800 11397       4       com.android.tools.r8.dex.b::a (124 bytes)
Event: 24.861 Thread 0x000001b73e3d6000 11398       4       java.util.concurrent.ForkJoinPool::scan (209 bytes)
Event: 24.870 Thread 0x000001b73e3d6000 nmethod 11398 0x000001b729a74710 code [0x000001b729a74900, 0x000001b729a74f80]
Event: 24.889 Thread 0x000001b737fec000 11399       3       com.android.tools.r8.graph.v1::b (10 bytes)
Event: 24.889 Thread 0x000001b737fec000 nmethod 11399 0x000001b7235cae10 code [0x000001b7235cafc0, 0x000001b7235cb188]
Event: 24.889 Thread 0x000001b737fec000 11400       3       com.android.tools.r8.w.a.a.a.h.y::iterator (5 bytes)
Event: 24.889 Thread 0x000001b737fec000 nmethod 11400 0x000001b7235cb290 code [0x000001b7235cb440, 0x000001b7235cb5e8]
Event: 24.893 Thread 0x000001b737fdd800 nmethod 11397 0x000001b729a75410 code [0x000001b729a756a0, 0x000001b729a765a8]
Event: 24.900 Thread 0x000001b737fec000 11401       3       java.util.concurrent.ForkJoinPool::scan (209 bytes)
Event: 24.902 Thread 0x000001b73e3d6000 11402       4       java.lang.invoke.VarHandleGuards::guard_LI_L (74 bytes)
Event: 24.902 Thread 0x000001b737fec000 nmethod 11401 0x000001b7235cb690 code [0x000001b7235cba80, 0x000001b7235cd598]
Event: 24.903 Thread 0x000001b737fdd800 11403       4       java.lang.invoke.VarHandleGuards::guard_LJJ_Z (72 bytes)
Event: 24.904 Thread 0x000001b73e3d6000 nmethod 11402 0x000001b729a76e90 code [0x000001b729a77040, 0x000001b729a77248]
Event: 24.905 Thread 0x000001b737fdd800 nmethod 11403 0x000001b729a77490 code [0x000001b729a77640, 0x000001b729a777c8]
Event: 24.930 Thread 0x000001b73e3d6000 11404       4       java.util.concurrent.ForkJoinPool::scan (209 bytes)

GC Heap History (20 events):
Event: 11.752 GC heap before
{Heap before GC invocations=12 (full 0):
 garbage-first heap   total 189440K, used 60205K [0x0000000080000000, 0x0000000100000000)
  region size 1024K, 24 young (24576K), 5 survivors (5120K)
 Metaspace       used 58446K, capacity 59798K, committed 59940K, reserved 1101824K
  class space    used 7402K, capacity 7870K, committed 7936K, reserved 1048576K
}
Event: 11.760 GC heap after
{Heap after GC invocations=13 (full 0):
 garbage-first heap   total 189440K, used 43262K [0x0000000080000000, 0x0000000100000000)
  region size 1024K, 7 young (7168K), 7 survivors (7168K)
 Metaspace       used 58446K, capacity 59798K, committed 59940K, reserved 1101824K
  class space    used 7402K, capacity 7870K, committed 7936K, reserved 1048576K
}
Event: 13.365 GC heap before
{Heap before GC invocations=14 (full 0):
 garbage-first heap   total 189440K, used 127230K [0x0000000080000000, 0x0000000100000000)
  region size 1024K, 89 young (91136K), 7 survivors (7168K)
 Metaspace       used 65844K, capacity 67438K, committed 67620K, reserved 1107968K
  class space    used 8576K, capacity 9123K, committed 9216K, reserved 1048576K
}
Event: 13.382 GC heap after
{Heap after GC invocations=15 (full 0):
 garbage-first heap   total 189440K, used 48117K [0x0000000080000000, 0x0000000100000000)
  region size 1024K, 11 young (11264K), 11 survivors (11264K)
 Metaspace       used 65844K, capacity 67438K, committed 67620K, reserved 1107968K
  class space    used 8576K, capacity 9123K, committed 9216K, reserved 1048576K
}
Event: 15.341 GC heap before
{Heap before GC invocations=15 (full 0):
 garbage-first heap   total 189440K, used 141301K [0x0000000080000000, 0x0000000100000000)
  region size 1024K, 102 young (104448K), 11 survivors (11264K)
 Metaspace       used 75317K, capacity 77194K, committed 77476K, reserved 1116160K
  class space    used 9840K, capacity 10497K, committed 10624K, reserved 1048576K
}
Event: 15.361 GC heap after
{Heap after GC invocations=16 (full 0):
 garbage-first heap   total 189440K, used 54183K [0x0000000080000000, 0x0000000100000000)
  region size 1024K, 12 young (12288K), 12 survivors (12288K)
 Metaspace       used 75317K, capacity 77194K, committed 77476K, reserved 1116160K
  class space    used 9840K, capacity 10497K, committed 10624K, reserved 1048576K
}
Event: 17.668 GC heap before
{Heap before GC invocations=16 (full 0):
 garbage-first heap   total 189440K, used 142247K [0x0000000080000000, 0x0000000100000000)
  region size 1024K, 99 young (101376K), 12 survivors (12288K)
 Metaspace       used 77075K, capacity 79053K, committed 79140K, reserved 1118208K
  class space    used 10029K, capacity 10705K, committed 10752K, reserved 1048576K
}
Event: 17.694 GC heap after
{Heap after GC invocations=17 (full 0):
 garbage-first heap   total 189440K, used 59841K [0x0000000080000000, 0x0000000100000000)
  region size 1024K, 12 young (12288K), 12 survivors (12288K)
 Metaspace       used 77075K, capacity 79053K, committed 79140K, reserved 1118208K
  class space    used 10029K, capacity 10705K, committed 10752K, reserved 1048576K
}
Event: 20.896 GC heap before
{Heap before GC invocations=17 (full 0):
 garbage-first heap   total 189440K, used 146881K [0x0000000080000000, 0x0000000100000000)
  region size 1024K, 96 young (98304K), 12 survivors (12288K)
 Metaspace       used 85488K, capacity 87660K, committed 87844K, reserved 1126400K
  class space    used 11053K, capacity 11769K, committed 11776K, reserved 1048576K
}
Event: 20.913 GC heap after
{Heap after GC invocations=18 (full 0):
 garbage-first heap   total 189440K, used 67099K [0x0000000080000000, 0x0000000100000000)
  region size 1024K, 11 young (11264K), 11 survivors (11264K)
 Metaspace       used 85488K, capacity 87660K, committed 87844K, reserved 1126400K
  class space    used 11053K, capacity 11769K, committed 11776K, reserved 1048576K
}
Event: 22.609 GC heap before
{Heap before GC invocations=18 (full 0):
 garbage-first heap   total 189440K, used 150043K [0x0000000080000000, 0x0000000100000000)
  region size 1024K, 91 young (93184K), 11 survivors (11264K)
 Metaspace       used 94721K, capacity 97261K, committed 97444K, reserved 1134592K
  class space    used 12424K, capacity 13335K, committed 13440K, reserved 1048576K
}
Event: 22.625 GC heap after
{Heap after GC invocations=19 (full 0):
 garbage-first heap   total 189440K, used 69654K [0x0000000080000000, 0x0000000100000000)
  region size 1024K, 10 young (10240K), 10 survivors (10240K)
 Metaspace       used 94721K, capacity 97261K, committed 97444K, reserved 1134592K
  class space    used 12424K, capacity 13335K, committed 13440K, reserved 1048576K
}
Event: 23.061 GC heap before
{Heap before GC invocations=19 (full 0):
 garbage-first heap   total 189440K, used 125974K [0x0000000080000000, 0x0000000100000000)
  region size 1024K, 43 young (44032K), 10 survivors (10240K)
 Metaspace       used 95293K, capacity 97894K, committed 97956K, reserved 1134592K
  class space    used 12481K, capacity 13409K, committed 13440K, reserved 1048576K
}
Event: 23.097 GC heap after
{Heap after GC invocations=20 (full 0):
 garbage-first heap   total 189440K, used 92160K [0x0000000080000000, 0x0000000100000000)
  region size 1024K, 11 young (11264K), 11 survivors (11264K)
 Metaspace       used 95293K, capacity 97894K, committed 97956K, reserved 1134592K
  class space    used 12481K, capacity 13409K, committed 13440K, reserved 1048576K
}
Event: 23.797 GC heap before
{Heap before GC invocations=21 (full 0):
 garbage-first heap   total 189440K, used 155648K [0x0000000080000000, 0x0000000100000000)
  region size 1024K, 70 young (71680K), 11 survivors (11264K)
 Metaspace       used 96246K, capacity 98823K, committed 98980K, reserved 1134592K
  class space    used 12660K, capacity 13586K, committed 13696K, reserved 1048576K
}
Event: 23.856 GC heap after
{Heap after GC invocations=22 (full 0):
 garbage-first heap   total 195584K, used 121733K [0x0000000080000000, 0x0000000100000000)
  region size 1024K, 9 young (9216K), 9 survivors (9216K)
 Metaspace       used 96246K, capacity 98823K, committed 98980K, reserved 1134592K
  class space    used 12660K, capacity 13586K, committed 13696K, reserved 1048576K
}
Event: 24.022 GC heap before
{Heap before GC invocations=22 (full 0):
 garbage-first heap   total 195584K, used 139141K [0x0000000080000000, 0x0000000100000000)
  region size 1024K, 28 young (28672K), 9 survivors (9216K)
 Metaspace       used 96291K, capacity 98887K, committed 99236K, reserved 1134592K
  class space    used 12660K, capacity 13586K, committed 13696K, reserved 1048576K
}
Event: 24.068 GC heap after
{Heap after GC invocations=23 (full 0):
 garbage-first heap   total 235520K, used 133632K [0x0000000080000000, 0x0000000100000000)
  region size 1024K, 5 young (5120K), 5 survivors (5120K)
 Metaspace       used 96291K, capacity 98887K, committed 99236K, reserved 1134592K
  class space    used 12660K, capacity 13586K, committed 13696K, reserved 1048576K
}
Event: 24.604 GC heap before
{Heap before GC invocations=24 (full 0):
 garbage-first heap   total 235520K, used 166400K [0x0000000080000000, 0x0000000100000000)
  region size 1024K, 36 young (36864K), 5 survivors (5120K)
 Metaspace       used 96398K, capacity 98938K, committed 99236K, reserved 1134592K
  class space    used 12656K, capacity 13577K, committed 13696K, reserved 1048576K
}
Event: 24.629 GC heap after
{Heap after GC invocations=25 (full 0):
 garbage-first heap   total 235520K, used 148224K [0x0000000080000000, 0x0000000100000000)
  region size 1024K, 5 young (5120K), 5 survivors (5120K)
 Metaspace       used 96398K, capacity 98938K, committed 99236K, reserved 1134592K
  class space    used 12656K, capacity 13577K, committed 13696K, reserved 1048576K
}

Deoptimization events (20 events):
Event: 24.885 Thread 0x000001b73e3dd000 DEOPT PACKING pc=0x000001b7235b90ee sp=0x000000b2166ff230
Event: 24.885 Thread 0x000001b73e3dd000 DEOPT UNPACKING pc=0x000001b7218c72ce sp=0x000000b2166fe6f0 mode 0
Event: 24.886 Thread 0x000001b73e3dd000 DEOPT PACKING pc=0x000001b7235b90ee sp=0x000000b2166ff230
Event: 24.886 Thread 0x000001b73e3dd000 DEOPT UNPACKING pc=0x000001b7218c72ce sp=0x000000b2166fe6f0 mode 0
Event: 24.887 Thread 0x000001b73e3dd000 DEOPT PACKING pc=0x000001b7235b90ee sp=0x000000b2166ff230
Event: 24.887 Thread 0x000001b73e3dd000 DEOPT UNPACKING pc=0x000001b7218c72ce sp=0x000000b2166fe6f0 mode 0
Event: 24.889 Thread 0x000001b73e3dd000 DEOPT PACKING pc=0x000001b7235b90ee sp=0x000000b2166ff230
Event: 24.889 Thread 0x000001b73e3dd000 DEOPT UNPACKING pc=0x000001b7218c72ce sp=0x000000b2166fe6f0 mode 0
Event: 24.890 Thread 0x000001b73e3dd000 DEOPT PACKING pc=0x000001b7235b90ee sp=0x000000b2166ff230
Event: 24.890 Thread 0x000001b73e3dd000 DEOPT UNPACKING pc=0x000001b7218c72ce sp=0x000000b2166fe6f0 mode 0
Event: 24.890 Thread 0x000001b73e3dd000 DEOPT PACKING pc=0x000001b7235b90ee sp=0x000000b2166ff230
Event: 24.890 Thread 0x000001b73e3dd000 DEOPT UNPACKING pc=0x000001b7218c72ce sp=0x000000b2166fe6f0 mode 0
Event: 24.891 Thread 0x000001b73e3dd000 DEOPT PACKING pc=0x000001b7235b90ee sp=0x000000b2166ff230
Event: 24.891 Thread 0x000001b73e3dd000 DEOPT UNPACKING pc=0x000001b7218c72ce sp=0x000000b2166fe6f0 mode 0
Event: 24.892 Thread 0x000001b73e3dd000 DEOPT PACKING pc=0x000001b7235b90ee sp=0x000000b2166ff230
Event: 24.892 Thread 0x000001b73e3dd000 DEOPT UNPACKING pc=0x000001b7218c72ce sp=0x000000b2166fe6f0 mode 0
Event: 24.900 Thread 0x000001b73e3da000 Uncommon trap: trap_request=0xffffff4d fr.pc=0x000001b729a74ea4 relative=0x00000000000005a4
Event: 24.900 Thread 0x000001b73e3da000 Uncommon trap: reason=unstable_if action=reinterpret pc=0x000001b729a74ea4 method=java.util.concurrent.ForkJoinPool.scan(Ljava/util/concurrent/ForkJoinPool$WorkQueue;I)Z @ 121 c2
Event: 24.900 Thread 0x000001b73e3da000 DEOPT PACKING pc=0x000001b729a74ea4 sp=0x000000b2164ff320
Event: 24.900 Thread 0x000001b73e3da000 DEOPT UNPACKING pc=0x000001b7218c74af sp=0x000000b2164ff2b8 mode 2

Classes redefined (0 events):
No events

Internal exceptions (20 events):
Event: 21.580 Thread 0x000001b73e3dc800 Exception <a 'java/lang/NoSuchMethodError'{0x00000000894e8bb0}: 'java.lang.Object java.lang.invoke.DirectMethodHandle$Holder.invokeStatic(java.lang.Object, long)'> (0x00000000894e8bb0) thrown at [./src/hotspot/share/interpreter/linkResolver.cpp, line 773]
Event: 21.580 Thread 0x000001b73e3dc800 Exception <a 'java/lang/NoSuchMethodError'{0x00000000894eef30}: 'java.lang.Object java.lang.invoke.Invokers$Holder.linkToTargetMethod(long, java.lang.Object)'> (0x00000000894eef30) thrown at [./src/hotspot/share/interpreter/linkResolver.cpp, line 773]
Event: 21.616 Thread 0x000001b73e3dc800 Exception <a 'java/lang/NoSuchMethodError'{0x000000008911bf88}: 'long java.lang.invoke.DirectMethodHandle$Holder.invokeStatic(java.lang.Object, java.lang.Object)'> (0x000000008911bf88) thrown at [./src/hotspot/share/interpreter/linkResolver.cpp, line 773]
Event: 21.697 Thread 0x000001b73e3dc800 Exception <a 'java/lang/NoSuchMethodError'{0x0000000088d29450}: 'java.lang.Object java.lang.invoke.DirectMethodHandle$Holder.newInvokeSpecial(java.lang.Object, int)'> (0x0000000088d29450) thrown at [./src/hotspot/share/interpreter/linkResolver.cpp, line 773]
Event: 21.718 Thread 0x000001b73e3dc800 Exception <a 'java/lang/NoSuchMethodError'{0x0000000088c34d08}: 'void java.lang.invoke.DirectMethodHandle$Holder.invokeStatic(java.lang.Object, java.lang.Object, java.lang.Object, int)'> (0x0000000088c34d08) thrown at [./src/hotspot/share/interpreter/linkResolver.cpp, line 773]
Event: 21.721 Thread 0x000001b73e3dc800 Exception <a 'java/lang/IncompatibleClassChangeError'{0x0000000088c3cc18}: Found class java.lang.Object, but interface was expected> (0x0000000088c3cc18) thrown at [./src/hotspot/share/interpreter/linkResolver.cpp, line 839]
Event: 21.796 Thread 0x000001b73e3dc800 Exception <a 'java/lang/NoSuchMethodError'{0x00000000889760f8}: 'void java.lang.invoke.DirectMethodHandle$Holder.invokeStaticInit(java.lang.Object, java.lang.Object, java.lang.Object, java.lang.Object, java.lang.Object)'> (0x00000000889760f8) thrown at [./src/hotspot/share/interpreter/linkResolver.cpp, line 773]
Event: 21.815 Thread 0x000001b73e3dc800 Exception <a 'java/lang/NoSuchMethodError'{0x000000008885cd40}: 'java.lang.Object java.lang.invoke.DirectMethodHandle$Holder.invokeStatic(java.lang.Object, int, java.lang.Object, java.lang.Object)'> (0x000000008885cd40) thrown at [./src/hotspot/share/interpreter/linkResolver.cpp, line 773]
Event: 21.830 Thread 0x000001b73e3dc800 Exception <a 'java/lang/NoSuchMethodError'{0x00000000888fe260}: 'void java.lang.invoke.DirectMethodHandle$Holder.invokeSpecial(java.lang.Object, java.lang.Object, int, java.lang.Object)'> (0x00000000888fe260) thrown at [./src/hotspot/share/interpreter/linkResolver.cpp, line 773]
Event: 21.915 Thread 0x000001b73e3dc800 Exception <a 'java/lang/NoSuchMethodError'{0x000000008847ead0}: 'java.lang.Object java.lang.invoke.DirectMethodHandle$Holder.invokeVirtual(java.lang.Object, java.lang.Object, int, java.lang.Object)'> (0x000000008847ead0) thrown at [./src/hotspot/share/interpreter/linkResolver.cpp, line 773]
Event: 21.937 Thread 0x000001b73e3dc800 Exception <a 'java/lang/NoSuchMethodError'{0x0000000088328e48}: 'void java.lang.invoke.DirectMethodHandle$Holder.invokeVirtual(java.lang.Object, java.lang.Object, int, java.lang.Object)'> (0x0000000088328e48) thrown at [./src/hotspot/share/interpreter/linkResolver.cpp, line 773]
Event: 22.186 Thread 0x000001b73e3dc800 Exception <a 'java/lang/NoSuchMethodError'{0x0000000087a02740}: 'java.lang.Object java.lang.invoke.DirectMethodHandle$Holder.invokeSpecial(java.lang.Object, java.lang.Object, java.lang.Object, java.lang.Object, java.lang.Object, java.lang.Object, java.lang.Object, java.lang.Object, java.lang.Object, java.lang.Object)'> (0x0000000087a02740) thrown at [./src/hotspot/share/interpreter/linkResolver.cpp, line 773]
Event: 22.186 Thread 0x000001b73e3dc800 Exception <a 'java/lang/NoSuchMethodError'{0x0000000087a06830}: 'java.lang.Object java.lang.invoke.Invokers$Holder.linkToTargetMethod(java.lang.Object, java.lang.Object, java.lang.Object, java.lang.Object, java.lang.Object, java.lang.Object, java.lang.Object, java.lang.Object, java.lang.Object)'> (0x0000000087a06830) thrown at [./src/hotspot/share/interpreter/linkResolver.cpp, line 773]
Event: 22.278 Thread 0x000001b73e3dc800 Exception <a 'java/lang/NoSuchMethodError'{0x0000000087890f80}: 'void java.lang.invoke.DirectMethodHandle$Holder.invokeVirtual(java.lang.Object, java.lang.Object, int)'> (0x0000000087890f80) thrown at [./src/hotspot/share/interpreter/linkResolver.cpp, line 773]
Event: 22.330 Thread 0x000001b73e3dc800 Exception <a 'sun/nio/fs/WindowsException'{0x0000000087716cf8}> (0x0000000087716cf8) thrown at [./src/hotspot/share/prims/jni.cpp, line 615]
Event: 22.364 Thread 0x000001b73e3dc800 Exception <a 'sun/nio/fs/WindowsException'{0x000000008777f0d0}> (0x000000008777f0d0) thrown at [./src/hotspot/share/prims/jni.cpp, line 615]
Event: 22.747 Thread 0x000001b73e3d3800 Exception <a 'java/lang/NoSuchMethodError'{0x000000008af03ef0}: <clinit>> (0x000000008af03ef0) thrown at [./src/hotspot/share/prims/jni.cpp, line 1362]
Event: 22.939 Thread 0x000001b73e3d0000 Exception <a 'sun/nio/fs/WindowsException'{0x000000008a569bd8}> (0x000000008a569bd8) thrown at [./src/hotspot/share/prims/jni.cpp, line 615]
Event: 23.347 Thread 0x000001b73e3d0000 Implicit null exception at 0x000001b7299e4d1c to 0x000001b7299e5868
Event: 24.599 Thread 0x000001b73e3d0000 Implicit null exception at 0x000001b7299e901e to 0x000001b7299e9a1e

Events (20 events):
Event: 24.572 Executing VM operation: RevokeBias
Event: 24.572 Executing VM operation: RevokeBias done
Event: 24.572 Executing VM operation: RevokeBias
Event: 24.572 Executing VM operation: RevokeBias done
Event: 24.572 Executing VM operation: RevokeBias
Event: 24.572 Executing VM operation: RevokeBias done
Event: 24.573 Executing VM operation: RevokeBias
Event: 24.573 Executing VM operation: RevokeBias done
Event: 24.573 Executing VM operation: RevokeBias
Event: 24.573 Executing VM operation: RevokeBias done
Event: 24.573 Executing VM operation: BulkRevokeBias
Event: 24.575 Executing VM operation: BulkRevokeBias done
Event: 24.579 loading class com/android/tools/r8/graph/v1
Event: 24.579 loading class com/android/tools/r8/graph/v1 done
Event: 24.579 loading class com/android/tools/r8/graph/e0
Event: 24.579 loading class com/android/tools/r8/graph/e0 done
Event: 24.579 loading class com/android/tools/r8/graph/v1
Event: 24.579 loading class com/android/tools/r8/graph/v1 done
Event: 24.604 Executing VM operation: G1CollectForAllocation
Event: 24.629 Executing VM operation: G1CollectForAllocation done


Dynamic libraries:
0x00007ff73de90000 - 0x00007ff73de9a000 	C:\Program Files\Android\Android Studio\jre\bin\java.exe
0x00007ffe16b10000 - 0x00007ffe16d06000 	C:\Windows\SYSTEM32\ntdll.dll
0x00007ffe164f0000 - 0x00007ffe165ad000 	C:\Windows\System32\KERNEL32.DLL
0x00007ffe14250000 - 0x00007ffe14519000 	C:\Windows\System32\KERNELBASE.dll
0x00007ffe14800000 - 0x00007ffe14900000 	C:\Windows\System32\ucrtbase.dll
0x00007ffdfccc0000 - 0x00007ffdfccd9000 	C:\Program Files\Android\Android Studio\jre\bin\jli.dll
0x00007ffe153f0000 - 0x00007ffe15590000 	C:\Windows\System32\USER32.dll
0x00007ffe14900000 - 0x00007ffe14922000 	C:\Windows\System32\win32u.dll
0x00007ffe16970000 - 0x00007ffe1699a000 	C:\Windows\System32\GDI32.dll
0x00007ffe146f0000 - 0x00007ffe147f9000 	C:\Windows\System32\gdi32full.dll
0x00007ffe145d0000 - 0x00007ffe1466d000 	C:\Windows\System32\msvcp_win.dll
0x00007ffdf6140000 - 0x00007ffdf6157000 	C:\Program Files\Android\Android Studio\jre\bin\VCRUNTIME140.dll
0x00007ffe044f0000 - 0x00007ffe0478b000 	C:\Windows\WinSxS\amd64_microsoft.windows.common-controls_6595b64144ccf1df_6.0.19041.488_none_ca04af081b815d21\COMCTL32.dll
0x00007ffe16190000 - 0x00007ffe1622e000 	C:\Windows\System32\msvcrt.dll
0x00007ffe16720000 - 0x00007ffe16750000 	C:\Windows\System32\IMM32.DLL
0x00007ffdcfbc0000 - 0x00007ffdcfc5d000 	C:\Program Files\Android\Android Studio\jre\bin\msvcp140.dll
0x00007ffdc3f80000 - 0x00007ffdc4a3c000 	C:\Program Files\Android\Android Studio\jre\bin\server\jvm.dll
0x00007ffe157d0000 - 0x00007ffe1587c000 	C:\Windows\System32\ADVAPI32.dll
0x00007ffe163e0000 - 0x00007ffe1647c000 	C:\Windows\System32\sechost.dll
0x00007ffe16750000 - 0x00007ffe1687b000 	C:\Windows\System32\RPCRT4.dll
0x00007ffe16230000 - 0x00007ffe16238000 	C:\Windows\System32\PSAPI.DLL
0x00007ffe0eb00000 - 0x00007ffe0eb09000 	C:\Windows\SYSTEM32\WSOCK32.dll
0x00007ffe16480000 - 0x00007ffe164eb000 	C:\Windows\System32\WS2_32.dll
0x00007ffe04470000 - 0x00007ffe04497000 	C:\Windows\SYSTEM32\WINMM.dll
0x00007ffe0e490000 - 0x00007ffe0e49a000 	C:\Windows\SYSTEM32\VERSION.dll
0x00007ffe121c0000 - 0x00007ffe121d2000 	C:\Windows\SYSTEM32\kernel.appcore.dll
0x00007ffe0e430000 - 0x00007ffe0e441000 	C:\Program Files\Android\Android Studio\jre\bin\verify.dll
0x00007ffe01480000 - 0x00007ffe01664000 	C:\Windows\SYSTEM32\DBGHELP.DLL
0x00007ffe01870000 - 0x00007ffe0189c000 	C:\Windows\SYSTEM32\dbgcore.DLL
0x00007ffe14670000 - 0x00007ffe146f0000 	C:\Windows\System32\bcryptPrimitives.dll
0x00007ffe0e400000 - 0x00007ffe0e429000 	C:\Program Files\Android\Android Studio\jre\bin\java.dll
0x00007ffe0eaf0000 - 0x00007ffe0eafb000 	C:\Program Files\Android\Android Studio\jre\bin\jimage.dll
0x00007ffe0e3e0000 - 0x00007ffe0e3f8000 	C:\Program Files\Android\Android Studio\jre\bin\zip.dll
0x00007ffe14b70000 - 0x00007ffe152b2000 	C:\Windows\System32\SHELL32.dll
0x00007ffe123c0000 - 0x00007ffe12b55000 	C:\Windows\SYSTEM32\windows.storage.dll
0x00007ffe15dd0000 - 0x00007ffe16126000 	C:\Windows\System32\combase.dll
0x00007ffe13bf0000 - 0x00007ffe13c1c000 	C:\Windows\SYSTEM32\Wldp.dll
0x00007ffe16670000 - 0x00007ffe1671e000 	C:\Windows\System32\SHCORE.dll
0x00007ffe16130000 - 0x00007ffe16185000 	C:\Windows\System32\shlwapi.dll
0x00007ffe14180000 - 0x00007ffe141a6000 	C:\Windows\SYSTEM32\profapi.dll
0x00007ffe0df50000 - 0x00007ffe0df6a000 	C:\Program Files\Android\Android Studio\jre\bin\net.dll
0x00007ffe0bba0000 - 0x00007ffe0bca0000 	C:\Windows\SYSTEM32\WINHTTP.dll
0x00007ffe13970000 - 0x00007ffe139da000 	C:\Windows\system32\mswsock.dll
0x00007ffe0c9c0000 - 0x00007ffe0c9d4000 	C:\Program Files\Android\Android Studio\jre\bin\nio.dll
0x00007ffe0e870000 - 0x00007ffe0e897000 	C:\Users\Davr Bank\.gradle\native\fdc75f09e3144964f2cf3f50f0aa648679c211496f362492102eb8c894070792\windows-amd64\native-platform.dll
0x00007ffdc62f0000 - 0x00007ffdc6486000 	C:\Users\Davr Bank\.gradle\native\12488b8bf47d2d4c9fbf2f6322a914ad602e24e48041cd04a747c6da556b65c4\windows-amd64\native-platform-file-events.dll
0x00007ffe0df40000 - 0x00007ffe0df4a000 	C:\Program Files\Android\Android Studio\jre\bin\management.dll
0x00007ffe0d8e0000 - 0x00007ffe0d8ec000 	C:\Program Files\Android\Android Studio\jre\bin\management_ext.dll
0x00007ffe13b40000 - 0x00007ffe13b58000 	C:\Windows\SYSTEM32\CRYPTSP.dll
0x00007ffe13300000 - 0x00007ffe13334000 	C:\Windows\system32\rsaenh.dll
0x00007ffe14990000 - 0x00007ffe149b7000 	C:\Windows\System32\bcrypt.dll
0x00007ffe14140000 - 0x00007ffe1416e000 	C:\Windows\SYSTEM32\USERENV.dll
0x00007ffe13b60000 - 0x00007ffe13b6c000 	C:\Windows\SYSTEM32\CRYPTBASE.dll
0x00007ffe13660000 - 0x00007ffe1369b000 	C:\Windows\SYSTEM32\IPHLPAPI.DLL
0x00007ffe16960000 - 0x00007ffe16968000 	C:\Windows\System32\NSI.dll
0x00007ffe0e3c0000 - 0x00007ffe0e3d7000 	C:\Windows\SYSTEM32\dhcpcsvc6.DLL
0x00007ffe0e3a0000 - 0x00007ffe0e3bd000 	C:\Windows\SYSTEM32\dhcpcsvc.DLL
0x00007ffe136a0000 - 0x00007ffe1376b000 	C:\Windows\SYSTEM32\DNSAPI.dll
0x00007ffe0e480000 - 0x00007ffe0e48b000 	C:\Windows\SYSTEM32\WINNSI.DLL

dbghelp: loaded successfully - version: 4.0.5 - missing functions: none
symbol engine: initialized successfully - sym options: 0x614 - pdb path: .;C:\Program Files\Android\Android Studio\jre\bin;C:\Windows\SYSTEM32;C:\Windows\WinSxS\amd64_microsoft.windows.common-controls_6595b64144ccf1df_6.0.19041.488_none_ca04af081b815d21;C:\Program Files\Android\Android Studio\jre\bin\server;C:\Users\Davr Bank\.gradle\native\fdc75f09e3144964f2cf3f50f0aa648679c211496f362492102eb8c894070792\windows-amd64;C:\Users\Davr Bank\.gradle\native\12488b8bf47d2d4c9fbf2f6322a914ad602e24e48041cd04a747c6da556b65c4\windows-amd64

VM Arguments:
jvm_args: --add-opens=java.base/java.util=ALL-UNNAMED --add-opens=java.base/java.lang=ALL-UNNAMED --add-opens=java.base/java.lang.invoke=ALL-UNNAMED --add-opens=java.prefs/java.util.prefs=ALL-UNNAMED -Xmx2048m -Dfile.encoding=UTF-8 -Duser.country=RU -Duser.language=ru -Duser.variant 
java_command: org.gradle.launcher.daemon.bootstrap.GradleDaemon 6.7.1
java_class_path (initial): C:\Users\Davr Bank\.gradle\wrapper\dists\gradle-6.7.1-bin\bwlcbys1h7rz3272sye1xwiv6\gradle-6.7.1\lib\gradle-launcher-6.7.1.jar
Launcher Type: SUN_STANDARD

[Global flags]
     intx CICompilerCount                          = 3                                         {product} {ergonomic}
     uint ConcGCThreads                            = 1                                         {product} {ergonomic}
     uint G1ConcRefinementThreads                  = 4                                         {product} {ergonomic}
   size_t G1HeapRegionSize                         = 1048576                                   {product} {ergonomic}
    uintx GCDrainStackTargetSize                   = 64                                        {product} {ergonomic}
   size_t InitialHeapSize                          = 134217728                                 {product} {ergonomic}
   size_t MarkStackSize                            = 4194304                                   {product} {ergonomic}
   size_t MaxHeapSize                              = 2147483648                                {product} {command line}
   size_t MaxNewSize                               = 1287651328                                {product} {ergonomic}
   size_t MinHeapDeltaBytes                        = 1048576                                   {product} {ergonomic}
    uintx NonNMethodCodeHeapSize                   = 5830732                                {pd product} {ergonomic}
    uintx NonProfiledCodeHeapSize                  = 122913754                              {pd product} {ergonomic}
    uintx ProfiledCodeHeapSize                     = 122913754                              {pd product} {ergonomic}
    uintx ReservedCodeCacheSize                    = 251658240                              {pd product} {ergonomic}
     bool SegmentedCodeCache                       = true                                      {product} {ergonomic}
     bool UseCompressedClassPointers               = true                                 {lp64_product} {ergonomic}
     bool UseCompressedOops                        = true                                 {lp64_product} {ergonomic}
     bool UseG1GC                                  = true                                      {product} {ergonomic}
     bool UseLargePagesIndividualAllocation        = false                                  {pd product} {ergonomic}

Logging:
Log output configuration:
 #0: stdout all=warning uptime,level,tags
 #1: stderr all=off uptime,level,tags

Environment Variables:
PATH=C:\app\DavrBank\product\12.1.0\client_1;C:\Program Files (x86)\Common Files\Oracle\Java\javapath;C:\Windows\system32;C:\Windows;C:\Windows\System32\Wbem;C:\Windows\System32\WindowsPowerShell\v1.0\;C:\Windows\System32\OpenSSH\;C:\Program Files\Git\cmd;C:\Users\Davr Bank\AppData\Local\Microsoft\WindowsApps;C:\Users\Davr Bank\Desktop\SBSD\Means of Payment-BK\IntelliJ IDEA 2020.3.1\bin\IntelliJ IDEA 2020.3.1\bin;;C:\Users\Davr Bank\AppData\Local\GitHubDesktop\bin
USERNAME=Davr Bank
OS=Windows_NT
PROCESSOR_IDENTIFIER=Intel64 Family 6 Model 158 Stepping 9, GenuineIntel



---------------  S Y S T E M  ---------------

OS: Windows 10 , 64 bit Build 19041 (10.0.19041.662)
OS uptime: 0 days 0:32 hours

CPU:total 4 (initial active 4) (2 cores per cpu, 2 threads per core) family 6 model 158 stepping 9, cmov, cx8, fxsr, mmx, sse, sse2, sse3, ssse3, sse4.1, sse4.2, popcnt, avx, avx2, aes, clmul, erms, 3dnowpref, lzcnt, ht, tsc, tscinvbit, bmi1, bmi2, adx, fma

Memory: 4k page, system-wide physical 8084M (1904M free)
TotalPageFile size 13204M (AvailPageFile size 6879M)
current process WorkingSet (physical memory assigned to process): 506M, peak: 508M
current process commit charge ("private bytes"): 541M, peak: 548M

vm_info: OpenJDK 64-Bit Server VM (11.0.8+10-b944.6842174) for windows-amd64 JRE (11.0.8+10-b944.6842174), built on Sep 19 2020 01:11:42 by "builder" with MS VC++ 14.0 (VS2015)

END.
